2024-12-12 17:58:09,204 INFO  Logger.cs: 70 - 
--------------------------------------------------------------------------------
2024-12-12 17:58:09,417 INFO  Logger.cs: 71 - Logging commencing for SW2URDF exporter
2024-12-12 17:58:09,429 INFO  Logger.cs: 73 - Commit version 1.6.0-1-g15f4949
2024-12-12 17:58:09,430 INFO  Logger.cs: 74 - Build version 1.6.7594.29634
2024-12-12 17:58:09,440 INFO  SwAddin.cs: 192 - Attempting to connect to SW
2024-12-12 17:58:09,442 INFO  SwAddin.cs: 197 - Setting up callbacks
2024-12-12 17:58:09,445 INFO  SwAddin.cs: 201 - Setting up command manager
2024-12-12 17:58:09,446 INFO  SwAddin.cs: 204 - Adding command manager
2024-12-12 17:58:09,460 INFO  SwAddin.cs: 263 - Adding Assembly export to file menu
2024-12-12 17:58:09,462 INFO  SwAddin.cs: 272 - Adding Part export to file menu
2024-12-12 17:58:09,463 INFO  SwAddin.cs: 210 - Adding event handlers
2024-12-12 17:58:10,041 INFO  SwAddin.cs: 217 - Connecting plugin to SolidWorks
2024-12-12 18:04:27,121 INFO  SwAddin.cs: 294 - Assembly export called for file Assem1
2024-12-12 18:04:27,122 INFO  SwAddin.cs: 299 - Save is required
2024-12-12 18:04:27,123 INFO  SwAddin.cs: 313 - Saving assembly
2024-12-12 18:04:27,125 INFO  SwAddin.cs: 316 - Opening property manager
2024-12-12 18:04:27,173 INFO  ExportHelperExtension.cs: 1125 - Retrieving features of type [CoordSys] from Assem1
2024-12-12 18:04:27,251 INFO  ExportHelperExtension.cs: 1136 - Found 30 in Assem1
2024-12-12 18:04:27,253 INFO  ExportHelperExtension.cs: 1145 - Found 6 features of type [CoordSys] in Assem1
2024-12-12 18:04:27,253 INFO  ExportHelperExtension.cs: 1148 - Proceeding through assembly components
2024-12-12 18:04:27,256 INFO  ExportHelperExtension.cs: 1160 - 1 components to check
2024-12-12 18:04:27,258 INFO  ExportHelperExtension.cs: 1125 - Retrieving features of type [CoordSys] from map-1
2024-12-12 18:04:27,259 INFO  ExportHelperExtension.cs: 1136 - Found 31 in map-1
2024-12-12 18:04:27,260 INFO  ExportHelperExtension.cs: 1145 - Found 0 features of type [CoordSys] in map-1
2024-12-12 18:04:27,261 INFO  ExportHelperExtension.cs: 1125 - Retrieving features of type [RefAxis] from Assem1
2024-12-12 18:04:27,262 INFO  ExportHelperExtension.cs: 1136 - Found 30 in Assem1
2024-12-12 18:04:27,263 INFO  ExportHelperExtension.cs: 1145 - Found 0 features of type [RefAxis] in Assem1
2024-12-12 18:04:27,263 INFO  ExportHelperExtension.cs: 1148 - Proceeding through assembly components
2024-12-12 18:04:27,263 INFO  ExportHelperExtension.cs: 1160 - 1 components to check
2024-12-12 18:04:27,264 INFO  ExportHelperExtension.cs: 1125 - Retrieving features of type [RefAxis] from map-1
2024-12-12 18:04:27,264 INFO  ExportHelperExtension.cs: 1136 - Found 31 in map-1
2024-12-12 18:04:27,265 INFO  ExportHelperExtension.cs: 1145 - Found 0 features of type [RefAxis] in map-1
2024-12-12 18:04:27,587 INFO  SwAddin.cs: 339 - Loading config tree
2024-12-12 18:04:27,593 INFO  ExportPropertyManagerExtension.cs: 520 - Starting new configuration
2024-12-12 18:04:27,605 INFO  SwAddin.cs: 344 - Showing property manager
2024-12-12 18:04:33,671 INFO  ExportPropertyManager.cs: 422 - Configuration saved
2024-12-12 18:04:38,560 INFO  ExportHelperExtension.cs: 1125 - Retrieving features of type [CoordSys] from Assem1
2024-12-12 18:04:38,567 INFO  ExportHelperExtension.cs: 1136 - Found 33 in Assem1
2024-12-12 18:04:38,568 INFO  ExportHelperExtension.cs: 1145 - Found 7 features of type [CoordSys] in Assem1
2024-12-12 18:04:38,569 INFO  ExportHelperExtension.cs: 1148 - Proceeding through assembly components
2024-12-12 18:04:38,569 INFO  ExportHelperExtension.cs: 1160 - 1 components to check
2024-12-12 18:04:38,569 INFO  ExportHelperExtension.cs: 1125 - Retrieving features of type [CoordSys] from map-1
2024-12-12 18:04:38,570 INFO  ExportHelperExtension.cs: 1136 - Found 31 in map-1
2024-12-12 18:04:38,571 INFO  ExportHelperExtension.cs: 1145 - Found 0 features of type [CoordSys] in map-1
2024-12-12 18:04:38,571 INFO  ExportHelperExtension.cs: 1125 - Retrieving features of type [RefAxis] from Assem1
2024-12-12 18:04:38,572 INFO  ExportHelperExtension.cs: 1136 - Found 33 in Assem1
2024-12-12 18:04:38,572 INFO  ExportHelperExtension.cs: 1145 - Found 0 features of type [RefAxis] in Assem1
2024-12-12 18:04:38,573 INFO  ExportHelperExtension.cs: 1148 - Proceeding through assembly components
2024-12-12 18:04:38,573 INFO  ExportHelperExtension.cs: 1160 - 1 components to check
2024-12-12 18:04:38,573 INFO  ExportHelperExtension.cs: 1125 - Retrieving features of type [RefAxis] from map-1
2024-12-12 18:04:38,574 INFO  ExportHelperExtension.cs: 1136 - Found 31 in map-1
2024-12-12 18:04:38,574 INFO  ExportHelperExtension.cs: 1145 - Found 0 features of type [RefAxis] in map-1
2024-12-12 18:04:38,781 INFO  ExportPropertyManager.cs: 1142 - AfterClose called. This method no longer throws an Exception. It just silently does nothing. Ok, except for this logging message
2024-12-12 18:05:17,511 INFO  SwAddin.cs: 294 - Assembly export called for file Assem1
2024-12-12 18:05:17,512 INFO  SwAddin.cs: 299 - Save is required
2024-12-12 18:05:17,512 INFO  SwAddin.cs: 313 - Saving assembly
2024-12-12 18:05:17,513 INFO  SwAddin.cs: 316 - Opening property manager
2024-12-12 18:05:17,514 INFO  ExportHelperExtension.cs: 1125 - Retrieving features of type [CoordSys] from Assem1
2024-12-12 18:05:17,515 INFO  ExportHelperExtension.cs: 1136 - Found 30 in Assem1
2024-12-12 18:05:17,515 INFO  ExportHelperExtension.cs: 1145 - Found 6 features of type [CoordSys] in Assem1
2024-12-12 18:05:17,516 INFO  ExportHelperExtension.cs: 1148 - Proceeding through assembly components
2024-12-12 18:05:17,516 INFO  ExportHelperExtension.cs: 1160 - 1 components to check
2024-12-12 18:05:17,517 INFO  ExportHelperExtension.cs: 1125 - Retrieving features of type [CoordSys] from map-1
2024-12-12 18:05:17,517 INFO  ExportHelperExtension.cs: 1136 - Found 31 in map-1
2024-12-12 18:05:17,518 INFO  ExportHelperExtension.cs: 1145 - Found 0 features of type [CoordSys] in map-1
2024-12-12 18:05:17,518 INFO  ExportHelperExtension.cs: 1125 - Retrieving features of type [RefAxis] from Assem1
2024-12-12 18:05:17,519 INFO  ExportHelperExtension.cs: 1136 - Found 30 in Assem1
2024-12-12 18:05:17,519 INFO  ExportHelperExtension.cs: 1145 - Found 0 features of type [RefAxis] in Assem1
2024-12-12 18:05:17,520 INFO  ExportHelperExtension.cs: 1148 - Proceeding through assembly components
2024-12-12 18:05:17,520 INFO  ExportHelperExtension.cs: 1160 - 1 components to check
2024-12-12 18:05:17,521 INFO  ExportHelperExtension.cs: 1125 - Retrieving features of type [RefAxis] from map-1
2024-12-12 18:05:17,521 INFO  ExportHelperExtension.cs: 1136 - Found 31 in map-1
2024-12-12 18:05:17,522 INFO  ExportHelperExtension.cs: 1145 - Found 0 features of type [RefAxis] in map-1
2024-12-12 18:05:17,653 INFO  SwAddin.cs: 339 - Loading config tree
2024-12-12 18:05:17,654 INFO  ExportPropertyManagerExtension.cs: 520 - Starting new configuration
2024-12-12 18:05:17,663 INFO  SwAddin.cs: 344 - Showing property manager
2024-12-12 18:05:32,392 INFO  ExportPropertyManager.cs: 416 - Configuration canceled
2024-12-12 18:05:32,486 INFO  ExportPropertyManager.cs: 1142 - AfterClose called. This method no longer throws an Exception. It just silently does nothing. Ok, except for this logging message
2024-12-12 18:06:00,207 INFO  SwAddin.cs: 294 - Assembly export called for file Assem1
2024-12-12 18:06:00,208 INFO  SwAddin.cs: 299 - Save is required
2024-12-12 18:06:00,208 INFO  SwAddin.cs: 313 - Saving assembly
2024-12-12 18:06:00,209 INFO  SwAddin.cs: 316 - Opening property manager
2024-12-12 18:06:00,209 INFO  ExportHelperExtension.cs: 1125 - Retrieving features of type [CoordSys] from Assem1
2024-12-12 18:06:00,210 INFO  ExportHelperExtension.cs: 1136 - Found 25 in Assem1
2024-12-12 18:06:00,210 INFO  ExportHelperExtension.cs: 1145 - Found 1 features of type [CoordSys] in Assem1
2024-12-12 18:06:00,211 INFO  ExportHelperExtension.cs: 1148 - Proceeding through assembly components
2024-12-12 18:06:00,211 INFO  ExportHelperExtension.cs: 1160 - 1 components to check
2024-12-12 18:06:00,212 INFO  ExportHelperExtension.cs: 1125 - Retrieving features of type [CoordSys] from map-1
2024-12-12 18:06:00,212 INFO  ExportHelperExtension.cs: 1136 - Found 31 in map-1
2024-12-12 18:06:00,213 INFO  ExportHelperExtension.cs: 1145 - Found 0 features of type [CoordSys] in map-1
2024-12-12 18:06:00,213 INFO  ExportHelperExtension.cs: 1125 - Retrieving features of type [RefAxis] from Assem1
2024-12-12 18:06:00,214 INFO  ExportHelperExtension.cs: 1136 - Found 25 in Assem1
2024-12-12 18:06:00,214 INFO  ExportHelperExtension.cs: 1145 - Found 0 features of type [RefAxis] in Assem1
2024-12-12 18:06:00,215 INFO  ExportHelperExtension.cs: 1148 - Proceeding through assembly components
2024-12-12 18:06:00,215 INFO  ExportHelperExtension.cs: 1160 - 1 components to check
2024-12-12 18:06:00,215 INFO  ExportHelperExtension.cs: 1125 - Retrieving features of type [RefAxis] from map-1
2024-12-12 18:06:00,216 INFO  ExportHelperExtension.cs: 1136 - Found 31 in map-1
2024-12-12 18:06:00,216 INFO  ExportHelperExtension.cs: 1145 - Found 0 features of type [RefAxis] in map-1
2024-12-12 18:06:00,336 INFO  SwAddin.cs: 339 - Loading config tree
2024-12-12 18:06:00,338 INFO  ExportPropertyManagerExtension.cs: 520 - Starting new configuration
2024-12-12 18:06:00,343 INFO  SwAddin.cs: 344 - Showing property manager
2024-12-12 18:06:07,199 INFO  ExportPropertyManager.cs: 1018 - OnComboboxSelectionChanged called. This method no longer throws an Exception. It just silently does nothing. Ok, except for this logging message
2024-12-12 18:06:09,432 INFO  ExportPropertyManager.cs: 422 - Configuration saved
2024-12-12 18:06:09,770 INFO  ExportHelperExtension.cs: 1125 - Retrieving features of type [CoordSys] from Assem1
2024-12-12 18:06:09,771 INFO  ExportHelperExtension.cs: 1136 - Found 26 in Assem1
2024-12-12 18:06:09,772 INFO  ExportHelperExtension.cs: 1145 - Found 1 features of type [CoordSys] in Assem1
2024-12-12 18:06:09,772 INFO  ExportHelperExtension.cs: 1148 - Proceeding through assembly components
2024-12-12 18:06:09,773 INFO  ExportHelperExtension.cs: 1160 - 1 components to check
2024-12-12 18:06:09,773 INFO  ExportHelperExtension.cs: 1125 - Retrieving features of type [CoordSys] from map-1
2024-12-12 18:06:09,774 INFO  ExportHelperExtension.cs: 1136 - Found 31 in map-1
2024-12-12 18:06:09,774 INFO  ExportHelperExtension.cs: 1145 - Found 0 features of type [CoordSys] in map-1
2024-12-12 18:06:09,775 INFO  ExportHelperExtension.cs: 1125 - Retrieving features of type [RefAxis] from Assem1
2024-12-12 18:06:09,776 INFO  ExportHelperExtension.cs: 1136 - Found 26 in Assem1
2024-12-12 18:06:09,776 INFO  ExportHelperExtension.cs: 1145 - Found 0 features of type [RefAxis] in Assem1
2024-12-12 18:06:09,777 INFO  ExportHelperExtension.cs: 1148 - Proceeding through assembly components
2024-12-12 18:06:09,777 INFO  ExportHelperExtension.cs: 1160 - 1 components to check
2024-12-12 18:06:09,778 INFO  ExportHelperExtension.cs: 1125 - Retrieving features of type [RefAxis] from map-1
2024-12-12 18:06:09,778 INFO  ExportHelperExtension.cs: 1136 - Found 31 in map-1
2024-12-12 18:06:09,779 INFO  ExportHelperExtension.cs: 1145 - Found 0 features of type [RefAxis] in map-1
2024-12-12 18:06:09,927 INFO  ExportPropertyManager.cs: 1142 - AfterClose called. This method no longer throws an Exception. It just silently does nothing. Ok, except for this logging message
2024-12-12 18:06:30,181 INFO  SwAddin.cs: 294 - Assembly export called for file Assem1
2024-12-12 18:06:30,182 INFO  SwAddin.cs: 299 - Save is required
2024-12-12 18:06:30,182 INFO  SwAddin.cs: 313 - Saving assembly
2024-12-12 18:06:30,182 INFO  SwAddin.cs: 316 - Opening property manager
2024-12-12 18:06:30,183 INFO  ExportHelperExtension.cs: 1125 - Retrieving features of type [CoordSys] from Assem1
2024-12-12 18:06:30,186 INFO  ExportHelperExtension.cs: 1136 - Found 25 in Assem1
2024-12-12 18:06:30,187 INFO  ExportHelperExtension.cs: 1145 - Found 1 features of type [CoordSys] in Assem1
2024-12-12 18:06:30,187 INFO  ExportHelperExtension.cs: 1148 - Proceeding through assembly components
2024-12-12 18:06:30,187 INFO  ExportHelperExtension.cs: 1160 - 1 components to check
2024-12-12 18:06:30,188 INFO  ExportHelperExtension.cs: 1125 - Retrieving features of type [CoordSys] from map-1
2024-12-12 18:06:30,188 INFO  ExportHelperExtension.cs: 1136 - Found 31 in map-1
2024-12-12 18:06:30,189 INFO  ExportHelperExtension.cs: 1145 - Found 0 features of type [CoordSys] in map-1
2024-12-12 18:06:30,189 INFO  ExportHelperExtension.cs: 1125 - Retrieving features of type [RefAxis] from Assem1
2024-12-12 18:06:30,190 INFO  ExportHelperExtension.cs: 1136 - Found 25 in Assem1
2024-12-12 18:06:30,190 INFO  ExportHelperExtension.cs: 1145 - Found 0 features of type [RefAxis] in Assem1
2024-12-12 18:06:30,191 INFO  ExportHelperExtension.cs: 1148 - Proceeding through assembly components
2024-12-12 18:06:30,191 INFO  ExportHelperExtension.cs: 1160 - 1 components to check
2024-12-12 18:06:30,192 INFO  ExportHelperExtension.cs: 1125 - Retrieving features of type [RefAxis] from map-1
2024-12-12 18:06:30,192 INFO  ExportHelperExtension.cs: 1136 - Found 31 in map-1
2024-12-12 18:06:30,193 INFO  ExportHelperExtension.cs: 1145 - Found 0 features of type [RefAxis] in map-1
2024-12-12 18:06:30,309 INFO  SwAddin.cs: 339 - Loading config tree
2024-12-12 18:06:30,310 INFO  ExportPropertyManagerExtension.cs: 520 - Starting new configuration
2024-12-12 18:06:30,315 INFO  SwAddin.cs: 344 - Showing property manager
2024-12-12 18:06:40,848 INFO  ExportPropertyManager.cs: 1018 - OnComboboxSelectionChanged called. This method no longer throws an Exception. It just silently does nothing. Ok, except for this logging message
2024-12-12 18:06:42,183 INFO  ExportPropertyManager.cs: 1036 - OnListboxSelectionChanged called. This method no longer throws an Exception. It just silently does nothing. Ok, except for this logging message
2024-12-12 18:06:43,817 INFO  ExportPropertyManager.cs: 422 - Configuration saved
2024-12-12 18:06:44,122 INFO  ExportHelperExtension.cs: 1125 - Retrieving features of type [CoordSys] from Assem1
2024-12-12 18:06:44,139 INFO  ExportHelperExtension.cs: 1136 - Found 26 in Assem1
2024-12-12 18:06:44,140 INFO  ExportHelperExtension.cs: 1145 - Found 1 features of type [CoordSys] in Assem1
2024-12-12 18:06:44,140 INFO  ExportHelperExtension.cs: 1148 - Proceeding through assembly components
2024-12-12 18:06:44,141 INFO  ExportHelperExtension.cs: 1160 - 1 components to check
2024-12-12 18:06:44,141 INFO  ExportHelperExtension.cs: 1125 - Retrieving features of type [CoordSys] from map-1
2024-12-12 18:06:44,142 INFO  ExportHelperExtension.cs: 1136 - Found 31 in map-1
2024-12-12 18:06:44,143 INFO  ExportHelperExtension.cs: 1145 - Found 0 features of type [CoordSys] in map-1
2024-12-12 18:06:44,143 INFO  ExportHelperExtension.cs: 1125 - Retrieving features of type [RefAxis] from Assem1
2024-12-12 18:06:44,143 INFO  ExportHelperExtension.cs: 1136 - Found 26 in Assem1
2024-12-12 18:06:44,144 INFO  ExportHelperExtension.cs: 1145 - Found 0 features of type [RefAxis] in Assem1
2024-12-12 18:06:44,144 INFO  ExportHelperExtension.cs: 1148 - Proceeding through assembly components
2024-12-12 18:06:44,145 INFO  ExportHelperExtension.cs: 1160 - 1 components to check
2024-12-12 18:06:44,145 INFO  ExportHelperExtension.cs: 1125 - Retrieving features of type [RefAxis] from map-1
2024-12-12 18:06:44,146 INFO  ExportHelperExtension.cs: 1136 - Found 31 in map-1
2024-12-12 18:06:44,146 INFO  ExportHelperExtension.cs: 1145 - Found 0 features of type [RefAxis] in map-1
2024-12-12 18:06:44,276 INFO  ExportPropertyManager.cs: 1142 - AfterClose called. This method no longer throws an Exception. It just silently does nothing. Ok, except for this logging message
2024-12-12 18:06:47,682 INFO  AssemblyExportForm.cs: 253 - Completing URDF export
2024-12-12 18:06:47,686 INFO  ConfigurationSerialization.cs: 276 - URDF Configuration found
<Link z:Id="i1" xmlns="http://schemas.datacontract.org/2004/07/SW2URDF" xmlns:i="http://www.w3.org/2001/XMLSchema-instance" xmlns:z="http://schemas.microsoft.com/2003/10/Serialization/"><Attributes><Attribute z:Id="i2"><AttributeType>name</AttributeType><IsRequired>true</IsRequired><Value i:type="a:string" xmlns:a="http://www.w3.org/2001/XMLSchema">map30</Value></Attribute></Attributes><ChildElements><URDFElement z:Id="i3" i:type="Inertial"><Attributes/><ChildElements><URDFElement z:Id="i4" i:type="Origin"><Attributes><Attribute z:Id="i5"><AttributeType>xyz</AttributeType><IsRequired>true</IsRequired><Value i:type="a:ArrayOfdouble" xmlns:a="http://schemas.microsoft.com/2003/10/Serialization/Arrays"><a:double>0</a:double><a:double>0</a:double><a:double>0</a:double></Value></Attribute><Attribute z:Id="i6"><AttributeType>rpy</AttributeType><IsRequired>true</IsRequired><Value i:type="a:ArrayOfdouble" xmlns:a="http://schemas.microsoft.com/2003/10/Serialization/Arrays"><a:double>0</a:double><a:double>0</a:double><a:double>0</a:double></Value></Attribute></Attributes><ChildElements/><ElementName>origin</ElementName><required>false</required><RPYAttribute z:Ref="i6"/><XYZAttribute z:Ref="i5"/><isCustomized>false</isCustomized></URDFElement><URDFElement z:Id="i7" i:type="Mass"><Attributes><Attribute z:Id="i8"><AttributeType>value</AttributeType><IsRequired>true</IsRequired><Value i:type="a:double" xmlns:a="http://www.w3.org/2001/XMLSchema">0</Value></Attribute></Attributes><ChildElements/><ElementName>mass</ElementName><required>false</required><ValueAttribute z:Ref="i8"/></URDFElement><URDFElement z:Id="i9" i:type="Inertia"><Attributes><Attribute z:Id="i10"><AttributeType>ixx</AttributeType><IsRequired>true</IsRequired><Value i:type="a:double" xmlns:a="http://www.w3.org/2001/XMLSchema">0</Value></Attribute><Attribute z:Id="i11"><AttributeType>ixy</AttributeType><IsRequired>true</IsRequired><Value i:type="a:double" xmlns:a="http://www.w3.org/2001/XMLSchema">0</Value></Attribute><Attribute z:Id="i12"><AttributeType>ixz</AttributeType><IsRequired>true</IsRequired><Value i:type="a:double" xmlns:a="http://www.w3.org/2001/XMLSchema">0</Value></Attribute><Attribute z:Id="i13"><AttributeType>iyy</AttributeType><IsRequired>true</IsRequired><Value i:type="a:double" xmlns:a="http://www.w3.org/2001/XMLSchema">0</Value></Attribute><Attribute z:Id="i14"><AttributeType>iyz</AttributeType><IsRequired>true</IsRequired><Value i:type="a:double" xmlns:a="http://www.w3.org/2001/XMLSchema">0</Value></Attribute><Attribute z:Id="i15"><AttributeType>izz</AttributeType><IsRequired>true</IsRequired><Value i:type="a:double" xmlns:a="http://www.w3.org/2001/XMLSchema">0</Value></Attribute></Attributes><ChildElements/><ElementName>inertia</ElementName><required>false</required><IxxAttribute z:Ref="i10"/><IxyAttribute z:Ref="i11"/><IxzAttribute z:Ref="i12"/><IyyAttribute z:Ref="i13"/><IyzAttribute z:Ref="i14"/><IzzAttribute z:Ref="i15"/></URDFElement></ChildElements><ElementName>inertial</ElementName><required>false</required><Inertia z:Ref="i9"/><Mass z:Ref="i7"/><Origin z:Ref="i4"/></URDFElement><URDFElement z:Id="i16" i:type="Visual"><Attributes/><ChildElements><URDFElement z:Id="i17" i:type="Origin"><Attributes><Attribute z:Id="i18"><AttributeType>xyz</AttributeType><IsRequired>true</IsRequired><Value i:type="a:ArrayOfdouble" xmlns:a="http://schemas.microsoft.com/2003/10/Serialization/Arrays"><a:double>0</a:double><a:double>0</a:double><a:double>0</a:double></Value></Attribute><Attribute z:Id="i19"><AttributeType>rpy</AttributeType><IsRequired>true</IsRequired><Value i:type="a:ArrayOfdouble" xmlns:a="http://schemas.microsoft.com/2003/10/Serialization/Arrays"><a:double>0</a:double><a:double>0</a:double><a:double>0</a:double></Value></Attribute></Attributes><ChildElements/><ElementName>origin</ElementName><required>false</required><RPYAttribute z:Ref="i19"/><XYZAttribute z:Ref="i18"/><isCustomized>false</isCustomized></URDFElement><URDFElement z:Id="i20" i:type="Geometry"><Attributes/><ChildElements><URDFElement z:Id="i21" i:type="Mesh"><Attributes><Attribute z:Id="i22"><AttributeType>filename</AttributeType><IsRequired>true</IsRequired><Value i:nil="true"/></Attribute></Attributes><ChildElements/><ElementName>mesh</ElementName><required>false</required><FilenameAttribute z:Ref="i22"/></URDFElement></ChildElements><ElementName>geometry</ElementName><required>true</required><Mesh z:Ref="i21"/></URDFElement><URDFElement z:Id="i23" i:type="Material"><Attributes><Attribute z:Id="i24"><AttributeType>name</AttributeType><IsRequired>true</IsRequired><Value i:type="a:string" xmlns:a="http://www.w3.org/2001/XMLSchema"/></Attribute></Attributes><ChildElements><URDFElement z:Id="i25" i:type="Color"><Attributes><Attribute z:Id="i26"><AttributeType>rgba</AttributeType><IsRequired>true</IsRequired><Value i:type="a:ArrayOfdouble" xmlns:a="http://schemas.microsoft.com/2003/10/Serialization/Arrays"><a:double>1</a:double><a:double>1</a:double><a:double>1</a:double><a:double>1</a:double></Value></Attribute></Attributes><ChildElements/><ElementName>color</ElementName><required>false</required><RGBAAttribute z:Ref="i26"/></URDFElement><URDFElement z:Id="i27" i:type="Texture"><Attributes><Attribute z:Id="i28"><AttributeType>filename</AttributeType><IsRequired>true</IsRequired><Value i:nil="true"/></Attribute></Attributes><ChildElements/><ElementName>texture</ElementName><required>false</required><FilenameAttribute z:Ref="i28"/><wFilename/></URDFElement></ChildElements><ElementName>material</ElementName><required>false</required><Color z:Ref="i25"/><NameAttribute z:Ref="i24"/><Texture z:Ref="i27"/></URDFElement></ChildElements><ElementName>visual</ElementName><required>false</required><Geometry z:Ref="i20"/><Material z:Ref="i23"/><Origin z:Ref="i17"/></URDFElement><URDFElement z:Id="i29" i:type="Collision"><Attributes/><ChildElements><URDFElement z:Id="i30" i:type="Origin"><Attributes><Attribute z:Id="i31"><AttributeType>xyz</AttributeType><IsRequired>true</IsRequired><Value i:type="a:ArrayOfdouble" xmlns:a="http://schemas.microsoft.com/2003/10/Serialization/Arrays"><a:double>0</a:double><a:double>0</a:double><a:double>0</a:double></Value></Attribute><Attribute z:Id="i32"><AttributeType>rpy</AttributeType><IsRequired>true</IsRequired><Value i:type="a:ArrayOfdouble" xmlns:a="http://schemas.microsoft.com/2003/10/Serialization/Arrays"><a:double>0</a:double><a:double>0</a:double><a:double>0</a:double></Value></Attribute></Attributes><ChildElements/><ElementName>origin</ElementName><required>false</required><RPYAttribute z:Ref="i32"/><XYZAttribute z:Ref="i31"/><isCustomized>false</isCustomized></URDFElement><URDFElement z:Id="i33" i:type="Geometry"><Attributes/><ChildElements><URDFElement z:Id="i34" i:type="Mesh"><Attributes><Attribute z:Id="i35"><AttributeType>filename</AttributeType><IsRequired>true</IsRequired><Value i:nil="true"/></Attribute></Attributes><ChildElements/><ElementName>mesh</ElementName><required>false</required><FilenameAttribute z:Ref="i35"/></URDFElement></ChildElements><ElementName>geometry</ElementName><required>true</required><Mesh z:Ref="i34"/></URDFElement></ChildElements><ElementName>collision</ElementName><required>false</required><Geometry z:Ref="i33"/><Origin z:Ref="i30"/></URDFElement><URDFElement z:Id="i36" i:type="Joint"><Attributes><Attribute z:Id="i37"><AttributeType>name</AttributeType><IsRequired>true</IsRequired><Value i:type="a:string" xmlns:a="http://www.w3.org/2001/XMLSchema"/></Attribute><Attribute z:Id="i38"><AttributeType>type</AttributeType><IsRequired>true</IsRequired><Value i:type="a:string" xmlns:a="http://www.w3.org/2001/XMLSchema"/></Attribute></Attributes><ChildElements><URDFElement z:Id="i39" i:type="Origin"><Attributes><Attribute z:Id="i40"><AttributeType>xyz</AttributeType><IsRequired>true</IsRequired><Value i:type="a:ArrayOfdouble" xmlns:a="http://schemas.microsoft.com/2003/10/Serialization/Arrays"><a:double>0</a:double><a:double>0</a:double><a:double>0</a:double></Value></Attribute><Attribute z:Id="i41"><AttributeType>rpy</AttributeType><IsRequired>true</IsRequired><Value i:type="a:ArrayOfdouble" xmlns:a="http://schemas.microsoft.com/2003/10/Serialization/Arrays"><a:double>0</a:double><a:double>0</a:double><a:double>0</a:double></Value></Attribute></Attributes><ChildElements/><ElementName>origin</ElementName><required>false</required><RPYAttribute z:Ref="i41"/><XYZAttribute z:Ref="i40"/><isCustomized>false</isCustomized></URDFElement><URDFElement z:Id="i42" i:type="ParentLink"><Attributes><Attribute z:Id="i43"><AttributeType>link</AttributeType><IsRequired>true</IsRequired><Value i:type="a:string" xmlns:a="http://www.w3.org/2001/XMLSchema"/></Attribute></Attributes><ChildElements/><ElementName>parent</ElementName><required>true</required><NameAttribute z:Ref="i43"/></URDFElement><URDFElement z:Id="i44" i:type="ChildLink"><Attributes><Attribute z:Id="i45"><AttributeType>link</AttributeType><IsRequired>true</IsRequired><Value i:type="a:string" xmlns:a="http://www.w3.org/2001/XMLSchema"/></Attribute></Attributes><ChildElements/><ElementName>child</ElementName><required>true</required><NameAttribute z:Ref="i45"/></URDFElement><URDFElement z:Id="i46" i:type="Axis"><Attributes><Attribute z:Id="i47"><AttributeType>xyz</AttributeType><IsRequired>true</IsRequired><Value i:type="a:ArrayOfdouble" xmlns:a="http://schemas.microsoft.com/2003/10/Serialization/Arrays"><a:double>0</a:double><a:double>0</a:double><a:double>0</a:double></Value></Attribute></Attributes><ChildElements/><ElementName>axis</ElementName><required>false</required><XYZAttribute z:Ref="i47"/></URDFElement><URDFElement z:Id="i48" i:type="Limit"><Attributes><Attribute z:Id="i49"><AttributeType>lower</AttributeType><IsRequired>false</IsRequired><Value i:nil="true"/></Attribute><Attribute z:Id="i50"><AttributeType>upper</AttributeType><IsRequired>false</IsRequired><Value i:nil="true"/></Attribute><Attribute z:Id="i51"><AttributeType>effort</AttributeType><IsRequired>true</IsRequired><Value i:nil="true"/></Attribute><Attribute z:Id="i52"><AttributeType>velocity</AttributeType><IsRequired>true</IsRequired><Value i:nil="true"/></Attribute></Attributes><ChildElements/><ElementName>limit</ElementName><required>false</required><EffortAttribute z:Ref="i51"/><LowerAttribute z:Ref="i49"/><UpperAttribute z:Ref="i50"/><VelocityAttribute z:Ref="i52"/></URDFElement><URDFElement z:Id="i53" i:type="Calibration"><Attributes><Attribute z:Id="i54"><AttributeType>rising</AttributeType><IsRequired>false</IsRequired><Value i:nil="true"/></Attribute><Attribute z:Id="i55"><AttributeType>falling</AttributeType><IsRequired>false</IsRequired><Value i:nil="true"/></Attribute></Attributes><ChildElements/><ElementName>calibration</ElementName><required>false</required><FallingAttribute z:Ref="i55"/><RisingAttribute z:Ref="i54"/></URDFElement><URDFElement z:Id="i56" i:type="Dynamics"><Attributes><Attribute z:Id="i57"><AttributeType>damping</AttributeType><IsRequired>false</IsRequired><Value i:nil="true"/></Attribute><Attribute z:Id="i58"><AttributeType>friction</AttributeType><IsRequired>false</IsRequired><Value i:nil="true"/></Attribute></Attributes><ChildElements/><ElementName>dynamics</ElementName><required>false</required><DampingAttribute z:Ref="i57"/><FrictionAttribute z:Ref="i58"/></URDFElement><URDFElement z:Id="i59" i:type="SafetyController"><Attributes><Attribute z:Id="i60"><AttributeType>soft_upper</AttributeType><IsRequired>false</IsRequired><Value i:nil="true"/></Attribute><Attribute z:Id="i61"><AttributeType>soft_lower</AttributeType><IsRequired>false</IsRequired><Value i:nil="true"/></Attribute><Attribute z:Id="i62"><AttributeType>k_position</AttributeType><IsRequired>false</IsRequired><Value i:nil="true"/></Attribute><Attribute z:Id="i63"><AttributeType>k_velocity</AttributeType><IsRequired>true</IsRequired><Value i:nil="true"/></Attribute></Attributes><ChildElements/><ElementName>safety_controller</ElementName><required>false</required><KPositionAttribute z:Ref="i62"/><KVelocityAttribute z:Ref="i63"/><SoftLowerAttribute z:Ref="i61"/><SoftUpperAttribute z:Ref="i60"/></URDFElement><URDFElement z:Id="i64" i:type="Mimic"><Attributes><Attribute z:Id="i65"><AttributeType>joint</AttributeType><IsRequired>true</IsRequired><Value i:nil="true"/></Attribute><Attribute z:Id="i66"><AttributeType>multiplier</AttributeType><IsRequired>false</IsRequired><Value i:nil="true"/></Attribute><Attribute z:Id="i67"><AttributeType>offset</AttributeType><IsRequired>false</IsRequired><Value i:nil="true"/></Attribute></Attributes><ChildElements/><ElementName>mimic</ElementName><required>false</required><JointNameAttribute z:Ref="i65"/><MultiplierAttribute z:Ref="i66"/><OffsetAttribute z:Ref="i67"/></URDFElement></ChildElements><ElementName>joint</ElementName><required>false</required><Axis z:Ref="i46"/><AxisName/><Calibration z:Ref="i53"/><Child z:Ref="i44"/><CoordinateSystemName>Coordinate System6</CoordinateSystemName><Dynamics z:Ref="i56"/><Limit z:Ref="i48"/><Mimic z:Ref="i64"/><NameAttribute z:Ref="i37"/><Origin z:Ref="i39"/><Parent z:Ref="i42"/><Safety z:Ref="i59"/><TypeAttribute z:Ref="i38"/></URDFElement></ChildElements><ElementName>link</ElementName><required>true</required><Children/><Collision z:Ref="i29"/><Inertial z:Ref="i3"/><Joint z:Ref="i36"/><NameAttribute z:Ref="i2"/><Parent i:nil="true"/><STLQualityFine>false</STLQualityFine><SWComponentPIDs xmlns:a="http://schemas.microsoft.com/2003/10/Serialization/Arrays"><a:base64Binary>yDIAAAUAAAD//v8MbQBhAHAALQAxAEAAQQBzAHMAZQBtADEABAAAABAAAAABAAAAAQAAABgAAAA=</a:base64Binary></SWComponentPIDs><SWMainComponentPID i:nil="true"/><Visual z:Ref="i16"/><isFixedFrame>false</isFixedFrame><isIncomplete>false</isIncomplete></Link>
2024-12-12 18:06:55,680 INFO  AssemblyExportForm.cs: 309 - Saving URDF package to C:\Users\GioPC\OneDrive\Desktop\map30
2024-12-12 18:06:55,683 INFO  ExportHelper.cs: 147 - Beginning the export process
2024-12-12 18:06:55,687 INFO  ExportHelper.cs: 153 - Creating package directories with name map30 and save path C:\Users\GioPC\OneDrive\Desktop
2024-12-12 18:06:57,039 INFO  ExportHelper.cs: 162 - Creating CMakeLists.txt at C:\Users\GioPC\OneDrive\Desktop\map30\CMakeLists.txt
2024-12-12 18:06:57,047 INFO  ExportHelper.cs: 166 - Creating joint names config at C:\Users\GioPC\OneDrive\Desktop\map30\config\joint_names_map30.yaml
2024-12-12 18:06:57,052 INFO  ExportHelper.cs: 170 - Creating package.xml at C:\Users\GioPC\OneDrive\Desktop\map30\package.xml
2024-12-12 18:06:57,056 INFO  PackageXMLWriter.cs: 21 - Creating package.xml at C:\Users\GioPC\OneDrive\Desktop\map30\package.xml
2024-12-12 18:06:57,120 INFO  ExportHelper.cs: 177 - Creating RVIZ launch file in C:\Users\GioPC\OneDrive\Desktop\map30\launch\
2024-12-12 18:06:57,125 INFO  ExportHelper.cs: 182 - Creating Gazebo launch file in C:\Users\GioPC\OneDrive\Desktop\map30\launch\
2024-12-12 18:06:57,128 INFO  ExportHelper.cs: 187 - Saving existing STL preferences
2024-12-12 18:06:57,130 INFO  ExportHelper.cs: 450 - Saving users preferences
2024-12-12 18:06:57,133 INFO  ExportHelper.cs: 190 - Modifying STL preferences
2024-12-12 18:06:57,136 INFO  ExportHelper.cs: 464 - Setting STL preferences
2024-12-12 18:06:57,325 INFO  ExportHelper.cs: 196 - Found 0 hidden components 
2024-12-12 18:06:57,326 INFO  ExportHelper.cs: 197 - Hiding all components
2024-12-12 18:06:57,380 INFO  ExportHelper.cs: 204 - Beginning individual files export
2024-12-12 18:06:57,389 INFO  ExportHelper.cs: 270 - Exporting link: map30
2024-12-12 18:06:57,390 INFO  ExportHelper.cs: 272 - Link map30 has 0 children
2024-12-12 18:06:57,391 INFO  ExportHelper.cs: 317 - map30: Exporting STL with coordinate frame Coordinate System6
2024-12-12 18:06:57,394 INFO  ExportHelper.cs: 322 - map30: Reference geometry name 
2024-12-12 18:06:57,486 INFO  ExportHelper.cs: 330 - Saving STL to C:\Users\GioPC\OneDrive\Desktop\map30\meshes\map30.STL
2024-12-12 18:06:57,853 INFO  ExportHelper.cs: 405 - Removing SW header in STL file
2024-12-12 18:06:57,855 INFO  ExportHelper.cs: 145 - Showing all components except previously hidden components
2024-12-12 18:06:57,996 INFO  ExportHelper.cs: 145 - Resetting STL preferences
2024-12-12 18:06:57,998 INFO  ExportHelper.cs: 478 - Returning STL preferences to user preferences
2024-12-12 18:06:57,999 INFO  ExportHelper.cs: 228 - Writing URDF file to C:\Users\GioPC\OneDrive\Desktop\map30\urdf\map30.urdf
2024-12-12 18:06:58,313 INFO  CSVImportExport.cs: 32 - Writing CSV file C:\Users\GioPC\OneDrive\Desktop\map30\urdf\map30.csv
2024-12-12 18:06:58,430 ERROR CSVImportExport.cs: 130 - The following columns were not written to the CSV: Link.Joint.ChildLink.link,
2024-12-12 18:06:58,432 INFO  ExportHelper.cs: 234 - Copying log file
2024-12-12 18:06:58,454 INFO  ExportHelper.cs: 439 - Copying C:\Users\GioPC\sw2urdf_logs\sw2urdf.log to C:\Users\GioPC\OneDrive\Desktop\map30\export.log
