2024-11-22 08:17:11,096 INFO  Logger.cs: 70 - 
--------------------------------------------------------------------------------
2024-11-22 08:17:11,299 INFO  Logger.cs: 71 - Logging commencing for SW2URDF exporter
2024-11-22 08:17:11,310 INFO  Logger.cs: 73 - Commit version 1.6.0-1-g15f4949
2024-11-22 08:17:11,311 INFO  Logger.cs: 74 - Build version 1.6.7594.29634
2024-11-22 08:17:11,319 INFO  SwAddin.cs: 192 - Attempting to connect to SW
2024-11-22 08:17:11,320 INFO  SwAddin.cs: 197 - Setting up callbacks
2024-11-22 08:17:11,322 INFO  SwAddin.cs: 201 - Setting up command manager
2024-11-22 08:17:11,324 INFO  SwAddin.cs: 204 - Adding command manager
2024-11-22 08:17:11,334 INFO  SwAddin.cs: 263 - Adding Assembly export to file menu
2024-11-22 08:17:11,336 INFO  SwAddin.cs: 272 - Adding Part export to file menu
2024-11-22 08:17:11,336 INFO  SwAddin.cs: 210 - Adding event handlers
2024-11-22 08:17:12,005 INFO  SwAddin.cs: 217 - Connecting plugin to SolidWorks
2024-11-22 08:20:18,874 INFO  SwAddin.cs: 294 - Assembly export called for file map.SLDASM
2024-11-22 08:20:21,060 INFO  SwAddin.cs: 313 - Saving assembly
2024-11-22 08:20:21,197 INFO  SwAddin.cs: 316 - Opening property manager
2024-11-22 08:20:21,229 INFO  ExportHelperExtension.cs: 1125 - Retrieving features of type [CoordSys] from map.SLDASM
2024-11-22 08:20:21,303 INFO  ExportHelperExtension.cs: 1136 - Found 23 in map.SLDASM
2024-11-22 08:20:21,304 INFO  ExportHelperExtension.cs: 1145 - Found 0 features of type [CoordSys] in map.SLDASM
2024-11-22 08:20:21,305 INFO  ExportHelperExtension.cs: 1148 - Proceeding through assembly components
2024-11-22 08:20:21,309 INFO  ExportHelperExtension.cs: 1160 - 1 components to check
2024-11-22 08:20:21,310 INFO  ExportHelperExtension.cs: 1125 - Retrieving features of type [CoordSys] from map-1
2024-11-22 08:20:21,311 INFO  ExportHelperExtension.cs: 1136 - Found 31 in map-1
2024-11-22 08:20:21,314 INFO  ExportHelperExtension.cs: 1145 - Found 0 features of type [CoordSys] in map-1
2024-11-22 08:20:21,316 INFO  ExportHelperExtension.cs: 1125 - Retrieving features of type [RefAxis] from map.SLDASM
2024-11-22 08:20:21,317 INFO  ExportHelperExtension.cs: 1136 - Found 23 in map.SLDASM
2024-11-22 08:20:21,317 INFO  ExportHelperExtension.cs: 1145 - Found 0 features of type [RefAxis] in map.SLDASM
2024-11-22 08:20:21,318 INFO  ExportHelperExtension.cs: 1148 - Proceeding through assembly components
2024-11-22 08:20:21,319 INFO  ExportHelperExtension.cs: 1160 - 1 components to check
2024-11-22 08:20:21,319 INFO  ExportHelperExtension.cs: 1125 - Retrieving features of type [RefAxis] from map-1
2024-11-22 08:20:21,320 INFO  ExportHelperExtension.cs: 1136 - Found 31 in map-1
2024-11-22 08:20:21,321 INFO  ExportHelperExtension.cs: 1145 - Found 0 features of type [RefAxis] in map-1
2024-11-22 08:20:21,649 INFO  SwAddin.cs: 339 - Loading config tree
2024-11-22 08:20:21,655 INFO  ExportPropertyManagerExtension.cs: 520 - Starting new configuration
2024-11-22 08:20:21,667 INFO  SwAddin.cs: 344 - Showing property manager
2024-11-22 08:20:33,800 INFO  ExportPropertyManager.cs: 1018 - OnComboboxSelectionChanged called. This method no longer throws an Exception. It just silently does nothing. Ok, except for this logging message
2024-11-22 08:20:40,000 INFO  ExportPropertyManager.cs: 416 - Configuration canceled
2024-11-22 08:20:40,092 INFO  ExportPropertyManager.cs: 1142 - AfterClose called. This method no longer throws an Exception. It just silently does nothing. Ok, except for this logging message
2024-11-22 08:23:17,015 INFO  SwAddin.cs: 294 - Assembly export called for file map.SLDASM
2024-11-22 08:23:17,017 INFO  SwAddin.cs: 299 - Save is required
2024-11-22 08:23:17,017 INFO  SwAddin.cs: 313 - Saving assembly
2024-11-22 08:23:17,275 INFO  SwAddin.cs: 316 - Opening property manager
2024-11-22 08:23:17,277 INFO  ExportHelperExtension.cs: 1125 - Retrieving features of type [CoordSys] from map.SLDASM
2024-11-22 08:23:17,278 INFO  ExportHelperExtension.cs: 1136 - Found 25 in map.SLDASM
2024-11-22 08:23:17,280 INFO  ExportHelperExtension.cs: 1145 - Found 1 features of type [CoordSys] in map.SLDASM
2024-11-22 08:23:17,281 INFO  ExportHelperExtension.cs: 1148 - Proceeding through assembly components
2024-11-22 08:23:17,282 INFO  ExportHelperExtension.cs: 1160 - 1 components to check
2024-11-22 08:23:17,283 INFO  ExportHelperExtension.cs: 1125 - Retrieving features of type [CoordSys] from map-1
2024-11-22 08:23:17,284 INFO  ExportHelperExtension.cs: 1136 - Found 31 in map-1
2024-11-22 08:23:17,286 INFO  ExportHelperExtension.cs: 1145 - Found 0 features of type [CoordSys] in map-1
2024-11-22 08:23:17,288 INFO  ExportHelperExtension.cs: 1125 - Retrieving features of type [RefAxis] from map.SLDASM
2024-11-22 08:23:17,289 INFO  ExportHelperExtension.cs: 1136 - Found 25 in map.SLDASM
2024-11-22 08:23:17,291 INFO  ExportHelperExtension.cs: 1145 - Found 0 features of type [RefAxis] in map.SLDASM
2024-11-22 08:23:17,292 INFO  ExportHelperExtension.cs: 1148 - Proceeding through assembly components
2024-11-22 08:23:17,293 INFO  ExportHelperExtension.cs: 1160 - 1 components to check
2024-11-22 08:23:17,294 INFO  ExportHelperExtension.cs: 1125 - Retrieving features of type [RefAxis] from map-1
2024-11-22 08:23:17,295 INFO  ExportHelperExtension.cs: 1136 - Found 31 in map-1
2024-11-22 08:23:17,297 INFO  ExportHelperExtension.cs: 1145 - Found 0 features of type [RefAxis] in map-1
2024-11-22 08:23:17,457 INFO  SwAddin.cs: 339 - Loading config tree
2024-11-22 08:23:17,459 INFO  ExportPropertyManagerExtension.cs: 520 - Starting new configuration
2024-11-22 08:23:17,464 INFO  SwAddin.cs: 344 - Showing property manager
2024-11-22 08:23:34,449 INFO  ExportPropertyManager.cs: 1018 - OnComboboxSelectionChanged called. This method no longer throws an Exception. It just silently does nothing. Ok, except for this logging message
2024-11-22 08:23:39,434 INFO  ExportPropertyManager.cs: 422 - Configuration saved
2024-11-22 08:23:40,929 INFO  ExportHelperExtension.cs: 1125 - Retrieving features of type [CoordSys] from map.SLDASM
2024-11-22 08:23:40,934 INFO  ExportHelperExtension.cs: 1136 - Found 26 in map.SLDASM
2024-11-22 08:23:40,936 INFO  ExportHelperExtension.cs: 1145 - Found 1 features of type [CoordSys] in map.SLDASM
2024-11-22 08:23:40,936 INFO  ExportHelperExtension.cs: 1148 - Proceeding through assembly components
2024-11-22 08:23:40,937 INFO  ExportHelperExtension.cs: 1160 - 1 components to check
2024-11-22 08:23:40,938 INFO  ExportHelperExtension.cs: 1125 - Retrieving features of type [CoordSys] from map-1
2024-11-22 08:23:40,939 INFO  ExportHelperExtension.cs: 1136 - Found 31 in map-1
2024-11-22 08:23:40,940 INFO  ExportHelperExtension.cs: 1145 - Found 0 features of type [CoordSys] in map-1
2024-11-22 08:23:40,941 INFO  ExportHelperExtension.cs: 1125 - Retrieving features of type [RefAxis] from map.SLDASM
2024-11-22 08:23:40,942 INFO  ExportHelperExtension.cs: 1136 - Found 26 in map.SLDASM
2024-11-22 08:23:40,942 INFO  ExportHelperExtension.cs: 1145 - Found 0 features of type [RefAxis] in map.SLDASM
2024-11-22 08:23:40,943 INFO  ExportHelperExtension.cs: 1148 - Proceeding through assembly components
2024-11-22 08:23:40,944 INFO  ExportHelperExtension.cs: 1160 - 1 components to check
2024-11-22 08:23:40,944 INFO  ExportHelperExtension.cs: 1125 - Retrieving features of type [RefAxis] from map-1
2024-11-22 08:23:40,945 INFO  ExportHelperExtension.cs: 1136 - Found 31 in map-1
2024-11-22 08:23:40,945 INFO  ExportHelperExtension.cs: 1145 - Found 0 features of type [RefAxis] in map-1
2024-11-22 08:23:41,311 INFO  ExportPropertyManager.cs: 1142 - AfterClose called. This method no longer throws an Exception. It just silently does nothing. Ok, except for this logging message
2024-11-22 08:23:48,985 INFO  AssemblyExportForm.cs: 253 - Completing URDF export
2024-11-22 08:23:48,992 INFO  ConfigurationSerialization.cs: 276 - URDF Configuration found
<Link z:Id="i1" xmlns="http://schemas.datacontract.org/2004/07/SW2URDF" xmlns:i="http://www.w3.org/2001/XMLSchema-instance" xmlns:z="http://schemas.microsoft.com/2003/10/Serialization/"><Attributes><Attribute z:Id="i2"><AttributeType>name</AttributeType><IsRequired>true</IsRequired><Value i:type="a:string" xmlns:a="http://www.w3.org/2001/XMLSchema">map</Value></Attribute></Attributes><ChildElements><URDFElement z:Id="i3" i:type="Inertial"><Attributes/><ChildElements><URDFElement z:Id="i4" i:type="Origin"><Attributes><Attribute z:Id="i5"><AttributeType>xyz</AttributeType><IsRequired>true</IsRequired><Value i:type="a:ArrayOfdouble" xmlns:a="http://schemas.microsoft.com/2003/10/Serialization/Arrays"><a:double>0</a:double><a:double>0</a:double><a:double>0</a:double></Value></Attribute><Attribute z:Id="i6"><AttributeType>rpy</AttributeType><IsRequired>true</IsRequired><Value i:type="a:ArrayOfdouble" xmlns:a="http://schemas.microsoft.com/2003/10/Serialization/Arrays"><a:double>0</a:double><a:double>0</a:double><a:double>0</a:double></Value></Attribute></Attributes><ChildElements/><ElementName>origin</ElementName><required>false</required><RPYAttribute z:Ref="i6"/><XYZAttribute z:Ref="i5"/><isCustomized>false</isCustomized></URDFElement><URDFElement z:Id="i7" i:type="Mass"><Attributes><Attribute z:Id="i8"><AttributeType>value</AttributeType><IsRequired>true</IsRequired><Value i:type="a:double" xmlns:a="http://www.w3.org/2001/XMLSchema">0</Value></Attribute></Attributes><ChildElements/><ElementName>mass</ElementName><required>false</required><ValueAttribute z:Ref="i8"/></URDFElement><URDFElement z:Id="i9" i:type="Inertia"><Attributes><Attribute z:Id="i10"><AttributeType>ixx</AttributeType><IsRequired>true</IsRequired><Value i:type="a:double" xmlns:a="http://www.w3.org/2001/XMLSchema">0</Value></Attribute><Attribute z:Id="i11"><AttributeType>ixy</AttributeType><IsRequired>true</IsRequired><Value i:type="a:double" xmlns:a="http://www.w3.org/2001/XMLSchema">0</Value></Attribute><Attribute z:Id="i12"><AttributeType>ixz</AttributeType><IsRequired>true</IsRequired><Value i:type="a:double" xmlns:a="http://www.w3.org/2001/XMLSchema">0</Value></Attribute><Attribute z:Id="i13"><AttributeType>iyy</AttributeType><IsRequired>true</IsRequired><Value i:type="a:double" xmlns:a="http://www.w3.org/2001/XMLSchema">0</Value></Attribute><Attribute z:Id="i14"><AttributeType>iyz</AttributeType><IsRequired>true</IsRequired><Value i:type="a:double" xmlns:a="http://www.w3.org/2001/XMLSchema">0</Value></Attribute><Attribute z:Id="i15"><AttributeType>izz</AttributeType><IsRequired>true</IsRequired><Value i:type="a:double" xmlns:a="http://www.w3.org/2001/XMLSchema">0</Value></Attribute></Attributes><ChildElements/><ElementName>inertia</ElementName><required>false</required><IxxAttribute z:Ref="i10"/><IxyAttribute z:Ref="i11"/><IxzAttribute z:Ref="i12"/><IyyAttribute z:Ref="i13"/><IyzAttribute z:Ref="i14"/><IzzAttribute z:Ref="i15"/></URDFElement></ChildElements><ElementName>inertial</ElementName><required>false</required><Inertia z:Ref="i9"/><Mass z:Ref="i7"/><Origin z:Ref="i4"/></URDFElement><URDFElement z:Id="i16" i:type="Visual"><Attributes/><ChildElements><URDFElement z:Id="i17" i:type="Origin"><Attributes><Attribute z:Id="i18"><AttributeType>xyz</AttributeType><IsRequired>true</IsRequired><Value i:type="a:ArrayOfdouble" xmlns:a="http://schemas.microsoft.com/2003/10/Serialization/Arrays"><a:double>0</a:double><a:double>0</a:double><a:double>0</a:double></Value></Attribute><Attribute z:Id="i19"><AttributeType>rpy</AttributeType><IsRequired>true</IsRequired><Value i:type="a:ArrayOfdouble" xmlns:a="http://schemas.microsoft.com/2003/10/Serialization/Arrays"><a:double>0</a:double><a:double>0</a:double><a:double>0</a:double></Value></Attribute></Attributes><ChildElements/><ElementName>origin</ElementName><required>false</required><RPYAttribute z:Ref="i19"/><XYZAttribute z:Ref="i18"/><isCustomized>false</isCustomized></URDFElement><URDFElement z:Id="i20" i:type="Geometry"><Attributes/><ChildElements><URDFElement z:Id="i21" i:type="Mesh"><Attributes><Attribute z:Id="i22"><AttributeType>filename</AttributeType><IsRequired>true</IsRequired><Value i:nil="true"/></Attribute></Attributes><ChildElements/><ElementName>mesh</ElementName><required>false</required><FilenameAttribute z:Ref="i22"/></URDFElement></ChildElements><ElementName>geometry</ElementName><required>true</required><Mesh z:Ref="i21"/></URDFElement><URDFElement z:Id="i23" i:type="Material"><Attributes><Attribute z:Id="i24"><AttributeType>name</AttributeType><IsRequired>true</IsRequired><Value i:type="a:string" xmlns:a="http://www.w3.org/2001/XMLSchema"/></Attribute></Attributes><ChildElements><URDFElement z:Id="i25" i:type="Color"><Attributes><Attribute z:Id="i26"><AttributeType>rgba</AttributeType><IsRequired>true</IsRequired><Value i:type="a:ArrayOfdouble" xmlns:a="http://schemas.microsoft.com/2003/10/Serialization/Arrays"><a:double>1</a:double><a:double>1</a:double><a:double>1</a:double><a:double>1</a:double></Value></Attribute></Attributes><ChildElements/><ElementName>color</ElementName><required>false</required><RGBAAttribute z:Ref="i26"/></URDFElement><URDFElement z:Id="i27" i:type="Texture"><Attributes><Attribute z:Id="i28"><AttributeType>filename</AttributeType><IsRequired>true</IsRequired><Value i:nil="true"/></Attribute></Attributes><ChildElements/><ElementName>texture</ElementName><required>false</required><FilenameAttribute z:Ref="i28"/><wFilename/></URDFElement></ChildElements><ElementName>material</ElementName><required>false</required><Color z:Ref="i25"/><NameAttribute z:Ref="i24"/><Texture z:Ref="i27"/></URDFElement></ChildElements><ElementName>visual</ElementName><required>false</required><Geometry z:Ref="i20"/><Material z:Ref="i23"/><Origin z:Ref="i17"/></URDFElement><URDFElement z:Id="i29" i:type="Collision"><Attributes/><ChildElements><URDFElement z:Id="i30" i:type="Origin"><Attributes><Attribute z:Id="i31"><AttributeType>xyz</AttributeType><IsRequired>true</IsRequired><Value i:type="a:ArrayOfdouble" xmlns:a="http://schemas.microsoft.com/2003/10/Serialization/Arrays"><a:double>0</a:double><a:double>0</a:double><a:double>0</a:double></Value></Attribute><Attribute z:Id="i32"><AttributeType>rpy</AttributeType><IsRequired>true</IsRequired><Value i:type="a:ArrayOfdouble" xmlns:a="http://schemas.microsoft.com/2003/10/Serialization/Arrays"><a:double>0</a:double><a:double>0</a:double><a:double>0</a:double></Value></Attribute></Attributes><ChildElements/><ElementName>origin</ElementName><required>false</required><RPYAttribute z:Ref="i32"/><XYZAttribute z:Ref="i31"/><isCustomized>false</isCustomized></URDFElement><URDFElement z:Id="i33" i:type="Geometry"><Attributes/><ChildElements><URDFElement z:Id="i34" i:type="Mesh"><Attributes><Attribute z:Id="i35"><AttributeType>filename</AttributeType><IsRequired>true</IsRequired><Value i:nil="true"/></Attribute></Attributes><ChildElements/><ElementName>mesh</ElementName><required>false</required><FilenameAttribute z:Ref="i35"/></URDFElement></ChildElements><ElementName>geometry</ElementName><required>true</required><Mesh z:Ref="i34"/></URDFElement></ChildElements><ElementName>collision</ElementName><required>false</required><Geometry z:Ref="i33"/><Origin z:Ref="i30"/></URDFElement><URDFElement z:Id="i36" i:type="Joint"><Attributes><Attribute z:Id="i37"><AttributeType>name</AttributeType><IsRequired>true</IsRequired><Value i:type="a:string" xmlns:a="http://www.w3.org/2001/XMLSchema"/></Attribute><Attribute z:Id="i38"><AttributeType>type</AttributeType><IsRequired>true</IsRequired><Value i:type="a:string" xmlns:a="http://www.w3.org/2001/XMLSchema"/></Attribute></Attributes><ChildElements><URDFElement z:Id="i39" i:type="Origin"><Attributes><Attribute z:Id="i40"><AttributeType>xyz</AttributeType><IsRequired>true</IsRequired><Value i:type="a:ArrayOfdouble" xmlns:a="http://schemas.microsoft.com/2003/10/Serialization/Arrays"><a:double>0</a:double><a:double>0</a:double><a:double>0</a:double></Value></Attribute><Attribute z:Id="i41"><AttributeType>rpy</AttributeType><IsRequired>true</IsRequired><Value i:type="a:ArrayOfdouble" xmlns:a="http://schemas.microsoft.com/2003/10/Serialization/Arrays"><a:double>0</a:double><a:double>0</a:double><a:double>0</a:double></Value></Attribute></Attributes><ChildElements/><ElementName>origin</ElementName><required>false</required><RPYAttribute z:Ref="i41"/><XYZAttribute z:Ref="i40"/><isCustomized>false</isCustomized></URDFElement><URDFElement z:Id="i42" i:type="ParentLink"><Attributes><Attribute z:Id="i43"><AttributeType>link</AttributeType><IsRequired>true</IsRequired><Value i:type="a:string" xmlns:a="http://www.w3.org/2001/XMLSchema"/></Attribute></Attributes><ChildElements/><ElementName>parent</ElementName><required>true</required><NameAttribute z:Ref="i43"/></URDFElement><URDFElement z:Id="i44" i:type="ChildLink"><Attributes><Attribute z:Id="i45"><AttributeType>link</AttributeType><IsRequired>true</IsRequired><Value i:type="a:string" xmlns:a="http://www.w3.org/2001/XMLSchema"/></Attribute></Attributes><ChildElements/><ElementName>child</ElementName><required>true</required><NameAttribute z:Ref="i45"/></URDFElement><URDFElement z:Id="i46" i:type="Axis"><Attributes><Attribute z:Id="i47"><AttributeType>xyz</AttributeType><IsRequired>true</IsRequired><Value i:type="a:ArrayOfdouble" xmlns:a="http://schemas.microsoft.com/2003/10/Serialization/Arrays"><a:double>0</a:double><a:double>0</a:double><a:double>0</a:double></Value></Attribute></Attributes><ChildElements/><ElementName>axis</ElementName><required>false</required><XYZAttribute z:Ref="i47"/></URDFElement><URDFElement z:Id="i48" i:type="Limit"><Attributes><Attribute z:Id="i49"><AttributeType>lower</AttributeType><IsRequired>false</IsRequired><Value i:nil="true"/></Attribute><Attribute z:Id="i50"><AttributeType>upper</AttributeType><IsRequired>false</IsRequired><Value i:nil="true"/></Attribute><Attribute z:Id="i51"><AttributeType>effort</AttributeType><IsRequired>true</IsRequired><Value i:nil="true"/></Attribute><Attribute z:Id="i52"><AttributeType>velocity</AttributeType><IsRequired>true</IsRequired><Value i:nil="true"/></Attribute></Attributes><ChildElements/><ElementName>limit</ElementName><required>false</required><EffortAttribute z:Ref="i51"/><LowerAttribute z:Ref="i49"/><UpperAttribute z:Ref="i50"/><VelocityAttribute z:Ref="i52"/></URDFElement><URDFElement z:Id="i53" i:type="Calibration"><Attributes><Attribute z:Id="i54"><AttributeType>rising</AttributeType><IsRequired>false</IsRequired><Value i:nil="true"/></Attribute><Attribute z:Id="i55"><AttributeType>falling</AttributeType><IsRequired>false</IsRequired><Value i:nil="true"/></Attribute></Attributes><ChildElements/><ElementName>calibration</ElementName><required>false</required><FallingAttribute z:Ref="i55"/><RisingAttribute z:Ref="i54"/></URDFElement><URDFElement z:Id="i56" i:type="Dynamics"><Attributes><Attribute z:Id="i57"><AttributeType>damping</AttributeType><IsRequired>false</IsRequired><Value i:nil="true"/></Attribute><Attribute z:Id="i58"><AttributeType>friction</AttributeType><IsRequired>false</IsRequired><Value i:nil="true"/></Attribute></Attributes><ChildElements/><ElementName>dynamics</ElementName><required>false</required><DampingAttribute z:Ref="i57"/><FrictionAttribute z:Ref="i58"/></URDFElement><URDFElement z:Id="i59" i:type="SafetyController"><Attributes><Attribute z:Id="i60"><AttributeType>soft_upper</AttributeType><IsRequired>false</IsRequired><Value i:nil="true"/></Attribute><Attribute z:Id="i61"><AttributeType>soft_lower</AttributeType><IsRequired>false</IsRequired><Value i:nil="true"/></Attribute><Attribute z:Id="i62"><AttributeType>k_position</AttributeType><IsRequired>false</IsRequired><Value i:nil="true"/></Attribute><Attribute z:Id="i63"><AttributeType>k_velocity</AttributeType><IsRequired>true</IsRequired><Value i:nil="true"/></Attribute></Attributes><ChildElements/><ElementName>safety_controller</ElementName><required>false</required><KPositionAttribute z:Ref="i62"/><KVelocityAttribute z:Ref="i63"/><SoftLowerAttribute z:Ref="i61"/><SoftUpperAttribute z:Ref="i60"/></URDFElement><URDFElement z:Id="i64" i:type="Mimic"><Attributes><Attribute z:Id="i65"><AttributeType>joint</AttributeType><IsRequired>true</IsRequired><Value i:nil="true"/></Attribute><Attribute z:Id="i66"><AttributeType>multiplier</AttributeType><IsRequired>false</IsRequired><Value i:nil="true"/></Attribute><Attribute z:Id="i67"><AttributeType>offset</AttributeType><IsRequired>false</IsRequired><Value i:nil="true"/></Attribute></Attributes><ChildElements/><ElementName>mimic</ElementName><required>false</required><JointNameAttribute z:Ref="i65"/><MultiplierAttribute z:Ref="i66"/><OffsetAttribute z:Ref="i67"/></URDFElement></ChildElements><ElementName>joint</ElementName><required>false</required><Axis z:Ref="i46"/><AxisName/><Calibration z:Ref="i53"/><Child z:Ref="i44"/><CoordinateSystemName>Coordinate System2</CoordinateSystemName><Dynamics z:Ref="i56"/><Limit z:Ref="i48"/><Mimic z:Ref="i64"/><NameAttribute z:Ref="i37"/><Origin z:Ref="i39"/><Parent z:Ref="i42"/><Safety z:Ref="i59"/><TypeAttribute z:Ref="i38"/></URDFElement></ChildElements><ElementName>link</ElementName><required>true</required><Children/><Collision z:Ref="i29"/><Inertial z:Ref="i3"/><Joint z:Ref="i36"/><NameAttribute z:Ref="i2"/><Parent i:nil="true"/><STLQualityFine>false</STLQualityFine><SWComponentPIDs xmlns:a="http://schemas.microsoft.com/2003/10/Serialization/Arrays"><a:base64Binary>yDIAAAUAAAD//v8JbQBhAHAALQAxAEAAbQBhAHAABAAAABAAAAABAAAAAQAAABgAAAA=</a:base64Binary></SWComponentPIDs><SWMainComponentPID i:nil="true"/><Visual z:Ref="i16"/><isFixedFrame>false</isFixedFrame><isIncomplete>false</isIncomplete></Link>
2024-11-22 08:24:05,358 INFO  AssemblyExportForm.cs: 309 - Saving URDF package to C:\Users\GioPC\OneDrive\Desktop\map
2024-11-22 08:24:05,364 INFO  ExportHelper.cs: 147 - Beginning the export process
2024-11-22 08:24:05,371 INFO  ExportHelper.cs: 153 - Creating package directories with name map and save path C:\Users\GioPC\OneDrive\Desktop
2024-11-22 08:24:06,528 INFO  ExportHelper.cs: 162 - Creating CMakeLists.txt at C:\Users\GioPC\OneDrive\Desktop\map\CMakeLists.txt
2024-11-22 08:24:06,535 INFO  ExportHelper.cs: 166 - Creating joint names config at C:\Users\GioPC\OneDrive\Desktop\map\config\joint_names_map.yaml
2024-11-22 08:24:06,539 INFO  ExportHelper.cs: 170 - Creating package.xml at C:\Users\GioPC\OneDrive\Desktop\map\package.xml
2024-11-22 08:24:06,545 INFO  PackageXMLWriter.cs: 21 - Creating package.xml at C:\Users\GioPC\OneDrive\Desktop\map\package.xml
2024-11-22 08:24:06,607 INFO  ExportHelper.cs: 177 - Creating RVIZ launch file in C:\Users\GioPC\OneDrive\Desktop\map\launch\
2024-11-22 08:24:06,618 INFO  ExportHelper.cs: 182 - Creating Gazebo launch file in C:\Users\GioPC\OneDrive\Desktop\map\launch\
2024-11-22 08:24:06,621 INFO  ExportHelper.cs: 187 - Saving existing STL preferences
2024-11-22 08:24:06,622 INFO  ExportHelper.cs: 450 - Saving users preferences
2024-11-22 08:24:06,635 INFO  ExportHelper.cs: 190 - Modifying STL preferences
2024-11-22 08:24:06,637 INFO  ExportHelper.cs: 464 - Setting STL preferences
2024-11-22 08:24:06,809 INFO  ExportHelper.cs: 196 - Found 0 hidden components 
2024-11-22 08:24:06,810 INFO  ExportHelper.cs: 197 - Hiding all components
2024-11-22 08:24:06,866 INFO  ExportHelper.cs: 204 - Beginning individual files export
2024-11-22 08:24:06,877 INFO  ExportHelper.cs: 270 - Exporting link: map
2024-11-22 08:24:06,878 INFO  ExportHelper.cs: 272 - Link map has 0 children
2024-11-22 08:24:06,880 INFO  ExportHelper.cs: 317 - map: Exporting STL with coordinate frame Coordinate System2
2024-11-22 08:24:06,882 INFO  ExportHelper.cs: 322 - map: Reference geometry name 
2024-11-22 08:24:06,966 INFO  ExportHelper.cs: 330 - Saving STL to C:\Users\GioPC\OneDrive\Desktop\map\meshes\map.STL
2024-11-22 08:24:07,256 INFO  ExportHelper.cs: 405 - Removing SW header in STL file
2024-11-22 08:24:07,258 INFO  ExportHelper.cs: 145 - Showing all components except previously hidden components
2024-11-22 08:24:07,328 INFO  ExportHelper.cs: 145 - Resetting STL preferences
2024-11-22 08:24:07,329 INFO  ExportHelper.cs: 478 - Returning STL preferences to user preferences
2024-11-22 08:24:07,330 INFO  ExportHelper.cs: 228 - Writing URDF file to C:\Users\GioPC\OneDrive\Desktop\map\urdf\map.urdf
2024-11-22 08:24:07,344 INFO  CSVImportExport.cs: 32 - Writing CSV file C:\Users\GioPC\OneDrive\Desktop\map\urdf\map.csv
2024-11-22 08:24:07,420 ERROR CSVImportExport.cs: 130 - The following columns were not written to the CSV: Link.Joint.ChildLink.link,
2024-11-22 08:24:07,422 INFO  ExportHelper.cs: 234 - Copying log file
2024-11-22 08:24:07,439 INFO  ExportHelper.cs: 439 - Copying C:\Users\GioPC\sw2urdf_logs\sw2urdf.log to C:\Users\GioPC\OneDrive\Desktop\map\export.log
2024-11-22 08:24:07,444 INFO  ExportHelper.cs: 237 - Resetting STL preferences
2024-11-22 08:24:07,445 INFO  ExportHelper.cs: 478 - Returning STL preferences to user preferences
2024-11-22 08:32:12,396 INFO  SwAddin.cs: 294 - Assembly export called for file map.SLDASM
2024-11-22 08:32:12,397 INFO  SwAddin.cs: 299 - Save is required
2024-11-22 08:32:12,397 INFO  SwAddin.cs: 313 - Saving assembly
2024-11-22 08:32:12,610 INFO  SwAddin.cs: 316 - Opening property manager
2024-11-22 08:32:12,612 INFO  ExportHelperExtension.cs: 1125 - Retrieving features of type [CoordSys] from map.SLDASM
2024-11-22 08:32:12,613 INFO  ExportHelperExtension.cs: 1136 - Found 25 in map.SLDASM
2024-11-22 08:32:12,615 INFO  ExportHelperExtension.cs: 1145 - Found 1 features of type [CoordSys] in map.SLDASM
2024-11-22 08:32:12,616 INFO  ExportHelperExtension.cs: 1148 - Proceeding through assembly components
2024-11-22 08:32:12,617 INFO  ExportHelperExtension.cs: 1160 - 1 components to check
2024-11-22 08:32:12,621 INFO  ExportHelperExtension.cs: 1125 - Retrieving features of type [CoordSys] from map-1
2024-11-22 08:32:12,622 INFO  ExportHelperExtension.cs: 1136 - Found 31 in map-1
2024-11-22 08:32:12,623 INFO  ExportHelperExtension.cs: 1145 - Found 0 features of type [CoordSys] in map-1
2024-11-22 08:32:12,625 INFO  ExportHelperExtension.cs: 1125 - Retrieving features of type [RefAxis] from map.SLDASM
2024-11-22 08:32:12,626 INFO  ExportHelperExtension.cs: 1136 - Found 25 in map.SLDASM
2024-11-22 08:32:12,627 INFO  ExportHelperExtension.cs: 1145 - Found 0 features of type [RefAxis] in map.SLDASM
2024-11-22 08:32:12,628 INFO  ExportHelperExtension.cs: 1148 - Proceeding through assembly components
2024-11-22 08:32:12,629 INFO  ExportHelperExtension.cs: 1160 - 1 components to check
2024-11-22 08:32:12,630 INFO  ExportHelperExtension.cs: 1125 - Retrieving features of type [RefAxis] from map-1
2024-11-22 08:32:12,631 INFO  ExportHelperExtension.cs: 1136 - Found 31 in map-1
2024-11-22 08:32:12,634 INFO  ExportHelperExtension.cs: 1145 - Found 0 features of type [RefAxis] in map-1
2024-11-22 08:32:12,808 INFO  SwAddin.cs: 339 - Loading config tree
2024-11-22 08:32:12,810 INFO  ExportPropertyManagerExtension.cs: 520 - Starting new configuration
2024-11-22 08:32:12,816 INFO  SwAddin.cs: 344 - Showing property manager
2024-11-22 08:32:26,071 INFO  ExportPropertyManager.cs: 1018 - OnComboboxSelectionChanged called. This method no longer throws an Exception. It just silently does nothing. Ok, except for this logging message
2024-11-22 08:32:29,592 INFO  ExportPropertyManager.cs: 422 - Configuration saved
2024-11-22 08:32:29,938 INFO  ExportHelperExtension.cs: 1125 - Retrieving features of type [CoordSys] from map.SLDASM
2024-11-22 08:32:29,960 INFO  ExportHelperExtension.cs: 1136 - Found 26 in map.SLDASM
2024-11-22 08:32:29,961 INFO  ExportHelperExtension.cs: 1145 - Found 1 features of type [CoordSys] in map.SLDASM
2024-11-22 08:32:29,961 INFO  ExportHelperExtension.cs: 1148 - Proceeding through assembly components
2024-11-22 08:32:29,962 INFO  ExportHelperExtension.cs: 1160 - 1 components to check
2024-11-22 08:32:29,962 INFO  ExportHelperExtension.cs: 1125 - Retrieving features of type [CoordSys] from map-1
2024-11-22 08:32:29,963 INFO  ExportHelperExtension.cs: 1136 - Found 31 in map-1
2024-11-22 08:32:29,964 INFO  ExportHelperExtension.cs: 1145 - Found 0 features of type [CoordSys] in map-1
2024-11-22 08:32:29,964 INFO  ExportHelperExtension.cs: 1125 - Retrieving features of type [RefAxis] from map.SLDASM
2024-11-22 08:32:29,965 INFO  ExportHelperExtension.cs: 1136 - Found 26 in map.SLDASM
2024-11-22 08:32:29,965 INFO  ExportHelperExtension.cs: 1145 - Found 0 features of type [RefAxis] in map.SLDASM
2024-11-22 08:32:29,966 INFO  ExportHelperExtension.cs: 1148 - Proceeding through assembly components
2024-11-22 08:32:29,967 INFO  ExportHelperExtension.cs: 1160 - 1 components to check
2024-11-22 08:32:29,967 INFO  ExportHelperExtension.cs: 1125 - Retrieving features of type [RefAxis] from map-1
2024-11-22 08:32:29,968 INFO  ExportHelperExtension.cs: 1136 - Found 31 in map-1
2024-11-22 08:32:29,969 INFO  ExportHelperExtension.cs: 1145 - Found 0 features of type [RefAxis] in map-1
2024-11-22 08:32:30,119 INFO  ExportPropertyManager.cs: 1142 - AfterClose called. This method no longer throws an Exception. It just silently does nothing. Ok, except for this logging message
2024-11-22 08:32:37,344 INFO  AssemblyExportForm.cs: 253 - Completing URDF export
2024-11-22 08:32:37,346 INFO  ConfigurationSerialization.cs: 276 - URDF Configuration found
<Link z:Id="i1" xmlns="http://schemas.datacontract.org/2004/07/SW2URDF" xmlns:i="http://www.w3.org/2001/XMLSchema-instance" xmlns:z="http://schemas.microsoft.com/2003/10/Serialization/"><Attributes><Attribute z:Id="i2"><AttributeType>name</AttributeType><IsRequired>true</IsRequired><Value i:type="a:string" xmlns:a="http://www.w3.org/2001/XMLSchema">map</Value></Attribute></Attributes><ChildElements><URDFElement z:Id="i3" i:type="Inertial"><Attributes/><ChildElements><URDFElement z:Id="i4" i:type="Origin"><Attributes><Attribute z:Id="i5"><AttributeType>xyz</AttributeType><IsRequired>true</IsRequired><Value i:type="a:ArrayOfdouble" xmlns:a="http://schemas.microsoft.com/2003/10/Serialization/Arrays"><a:double>0</a:double><a:double>0</a:double><a:double>0</a:double></Value></Attribute><Attribute z:Id="i6"><AttributeType>rpy</AttributeType><IsRequired>true</IsRequired><Value i:type="a:ArrayOfdouble" xmlns:a="http://schemas.microsoft.com/2003/10/Serialization/Arrays"><a:double>0</a:double><a:double>0</a:double><a:double>0</a:double></Value></Attribute></Attributes><ChildElements/><ElementName>origin</ElementName><required>false</required><RPYAttribute z:Ref="i6"/><XYZAttribute z:Ref="i5"/><isCustomized>false</isCustomized></URDFElement><URDFElement z:Id="i7" i:type="Mass"><Attributes><Attribute z:Id="i8"><AttributeType>value</AttributeType><IsRequired>true</IsRequired><Value i:type="a:double" xmlns:a="http://www.w3.org/2001/XMLSchema">0</Value></Attribute></Attributes><ChildElements/><ElementName>mass</ElementName><required>false</required><ValueAttribute z:Ref="i8"/></URDFElement><URDFElement z:Id="i9" i:type="Inertia"><Attributes><Attribute z:Id="i10"><AttributeType>ixx</AttributeType><IsRequired>true</IsRequired><Value i:type="a:double" xmlns:a="http://www.w3.org/2001/XMLSchema">0</Value></Attribute><Attribute z:Id="i11"><AttributeType>ixy</AttributeType><IsRequired>true</IsRequired><Value i:type="a:double" xmlns:a="http://www.w3.org/2001/XMLSchema">0</Value></Attribute><Attribute z:Id="i12"><AttributeType>ixz</AttributeType><IsRequired>true</IsRequired><Value i:type="a:double" xmlns:a="http://www.w3.org/2001/XMLSchema">0</Value></Attribute><Attribute z:Id="i13"><AttributeType>iyy</AttributeType><IsRequired>true</IsRequired><Value i:type="a:double" xmlns:a="http://www.w3.org/2001/XMLSchema">0</Value></Attribute><Attribute z:Id="i14"><AttributeType>iyz</AttributeType><IsRequired>true</IsRequired><Value i:type="a:double" xmlns:a="http://www.w3.org/2001/XMLSchema">0</Value></Attribute><Attribute z:Id="i15"><AttributeType>izz</AttributeType><IsRequired>true</IsRequired><Value i:type="a:double" xmlns:a="http://www.w3.org/2001/XMLSchema">0</Value></Attribute></Attributes><ChildElements/><ElementName>inertia</ElementName><required>false</required><IxxAttribute z:Ref="i10"/><IxyAttribute z:Ref="i11"/><IxzAttribute z:Ref="i12"/><IyyAttribute z:Ref="i13"/><IyzAttribute z:Ref="i14"/><IzzAttribute z:Ref="i15"/></URDFElement></ChildElements><ElementName>inertial</ElementName><required>false</required><Inertia z:Ref="i9"/><Mass z:Ref="i7"/><Origin z:Ref="i4"/></URDFElement><URDFElement z:Id="i16" i:type="Visual"><Attributes/><ChildElements><URDFElement z:Id="i17" i:type="Origin"><Attributes><Attribute z:Id="i18"><AttributeType>xyz</AttributeType><IsRequired>true</IsRequired><Value i:type="a:ArrayOfdouble" xmlns:a="http://schemas.microsoft.com/2003/10/Serialization/Arrays"><a:double>0</a:double><a:double>0</a:double><a:double>0</a:double></Value></Attribute><Attribute z:Id="i19"><AttributeType>rpy</AttributeType><IsRequired>true</IsRequired><Value i:type="a:ArrayOfdouble" xmlns:a="http://schemas.microsoft.com/2003/10/Serialization/Arrays"><a:double>0</a:double><a:double>0</a:double><a:double>0</a:double></Value></Attribute></Attributes><ChildElements/><ElementName>origin</ElementName><required>false</required><RPYAttribute z:Ref="i19"/><XYZAttribute z:Ref="i18"/><isCustomized>false</isCustomized></URDFElement><URDFElement z:Id="i20" i:type="Geometry"><Attributes/><ChildElements><URDFElement z:Id="i21" i:type="Mesh"><Attributes><Attribute z:Id="i22"><AttributeType>filename</AttributeType><IsRequired>true</IsRequired><Value i:nil="true"/></Attribute></Attributes><ChildElements/><ElementName>mesh</ElementName><required>false</required><FilenameAttribute z:Ref="i22"/></URDFElement></ChildElements><ElementName>geometry</ElementName><required>true</required><Mesh z:Ref="i21"/></URDFElement><URDFElement z:Id="i23" i:type="Material"><Attributes><Attribute z:Id="i24"><AttributeType>name</AttributeType><IsRequired>true</IsRequired><Value i:type="a:string" xmlns:a="http://www.w3.org/2001/XMLSchema"/></Attribute></Attributes><ChildElements><URDFElement z:Id="i25" i:type="Color"><Attributes><Attribute z:Id="i26"><AttributeType>rgba</AttributeType><IsRequired>true</IsRequired><Value i:type="a:ArrayOfdouble" xmlns:a="http://schemas.microsoft.com/2003/10/Serialization/Arrays"><a:double>1</a:double><a:double>1</a:double><a:double>1</a:double><a:double>1</a:double></Value></Attribute></Attributes><ChildElements/><ElementName>color</ElementName><required>false</required><RGBAAttribute z:Ref="i26"/></URDFElement><URDFElement z:Id="i27" i:type="Texture"><Attributes><Attribute z:Id="i28"><AttributeType>filename</AttributeType><IsRequired>true</IsRequired><Value i:nil="true"/></Attribute></Attributes><ChildElements/><ElementName>texture</ElementName><required>false</required><FilenameAttribute z:Ref="i28"/><wFilename/></URDFElement></ChildElements><ElementName>material</ElementName><required>false</required><Color z:Ref="i25"/><NameAttribute z:Ref="i24"/><Texture z:Ref="i27"/></URDFElement></ChildElements><ElementName>visual</ElementName><required>false</required><Geometry z:Ref="i20"/><Material z:Ref="i23"/><Origin z:Ref="i17"/></URDFElement><URDFElement z:Id="i29" i:type="Collision"><Attributes/><ChildElements><URDFElement z:Id="i30" i:type="Origin"><Attributes><Attribute z:Id="i31"><AttributeType>xyz</AttributeType><IsRequired>true</IsRequired><Value i:type="a:ArrayOfdouble" xmlns:a="http://schemas.microsoft.com/2003/10/Serialization/Arrays"><a:double>0</a:double><a:double>0</a:double><a:double>0</a:double></Value></Attribute><Attribute z:Id="i32"><AttributeType>rpy</AttributeType><IsRequired>true</IsRequired><Value i:type="a:ArrayOfdouble" xmlns:a="http://schemas.microsoft.com/2003/10/Serialization/Arrays"><a:double>0</a:double><a:double>0</a:double><a:double>0</a:double></Value></Attribute></Attributes><ChildElements/><ElementName>origin</ElementName><required>false</required><RPYAttribute z:Ref="i32"/><XYZAttribute z:Ref="i31"/><isCustomized>false</isCustomized></URDFElement><URDFElement z:Id="i33" i:type="Geometry"><Attributes/><ChildElements><URDFElement z:Id="i34" i:type="Mesh"><Attributes><Attribute z:Id="i35"><AttributeType>filename</AttributeType><IsRequired>true</IsRequired><Value i:nil="true"/></Attribute></Attributes><ChildElements/><ElementName>mesh</ElementName><required>false</required><FilenameAttribute z:Ref="i35"/></URDFElement></ChildElements><ElementName>geometry</ElementName><required>true</required><Mesh z:Ref="i34"/></URDFElement></ChildElements><ElementName>collision</ElementName><required>false</required><Geometry z:Ref="i33"/><Origin z:Ref="i30"/></URDFElement><URDFElement z:Id="i36" i:type="Joint"><Attributes><Attribute z:Id="i37"><AttributeType>name</AttributeType><IsRequired>true</IsRequired><Value i:type="a:string" xmlns:a="http://www.w3.org/2001/XMLSchema"/></Attribute><Attribute z:Id="i38"><AttributeType>type</AttributeType><IsRequired>true</IsRequired><Value i:type="a:string" xmlns:a="http://www.w3.org/2001/XMLSchema"/></Attribute></Attributes><ChildElements><URDFElement z:Id="i39" i:type="Origin"><Attributes><Attribute z:Id="i40"><AttributeType>xyz</AttributeType><IsRequired>true</IsRequired><Value i:type="a:ArrayOfdouble" xmlns:a="http://schemas.microsoft.com/2003/10/Serialization/Arrays"><a:double>0</a:double><a:double>0</a:double><a:double>0</a:double></Value></Attribute><Attribute z:Id="i41"><AttributeType>rpy</AttributeType><IsRequired>true</IsRequired><Value i:type="a:ArrayOfdouble" xmlns:a="http://schemas.microsoft.com/2003/10/Serialization/Arrays"><a:double>0</a:double><a:double>0</a:double><a:double>0</a:double></Value></Attribute></Attributes><ChildElements/><ElementName>origin</ElementName><required>false</required><RPYAttribute z:Ref="i41"/><XYZAttribute z:Ref="i40"/><isCustomized>false</isCustomized></URDFElement><URDFElement z:Id="i42" i:type="ParentLink"><Attributes><Attribute z:Id="i43"><AttributeType>link</AttributeType><IsRequired>true</IsRequired><Value i:type="a:string" xmlns:a="http://www.w3.org/2001/XMLSchema"/></Attribute></Attributes><ChildElements/><ElementName>parent</ElementName><required>true</required><NameAttribute z:Ref="i43"/></URDFElement><URDFElement z:Id="i44" i:type="ChildLink"><Attributes><Attribute z:Id="i45"><AttributeType>link</AttributeType><IsRequired>true</IsRequired><Value i:type="a:string" xmlns:a="http://www.w3.org/2001/XMLSchema"/></Attribute></Attributes><ChildElements/><ElementName>child</ElementName><required>true</required><NameAttribute z:Ref="i45"/></URDFElement><URDFElement z:Id="i46" i:type="Axis"><Attributes><Attribute z:Id="i47"><AttributeType>xyz</AttributeType><IsRequired>true</IsRequired><Value i:type="a:ArrayOfdouble" xmlns:a="http://schemas.microsoft.com/2003/10/Serialization/Arrays"><a:double>0</a:double><a:double>0</a:double><a:double>0</a:double></Value></Attribute></Attributes><ChildElements/><ElementName>axis</ElementName><required>false</required><XYZAttribute z:Ref="i47"/></URDFElement><URDFElement z:Id="i48" i:type="Limit"><Attributes><Attribute z:Id="i49"><AttributeType>lower</AttributeType><IsRequired>false</IsRequired><Value i:nil="true"/></Attribute><Attribute z:Id="i50"><AttributeType>upper</AttributeType><IsRequired>false</IsRequired><Value i:nil="true"/></Attribute><Attribute z:Id="i51"><AttributeType>effort</AttributeType><IsRequired>true</IsRequired><Value i:nil="true"/></Attribute><Attribute z:Id="i52"><AttributeType>velocity</AttributeType><IsRequired>true</IsRequired><Value i:nil="true"/></Attribute></Attributes><ChildElements/><ElementName>limit</ElementName><required>false</required><EffortAttribute z:Ref="i51"/><LowerAttribute z:Ref="i49"/><UpperAttribute z:Ref="i50"/><VelocityAttribute z:Ref="i52"/></URDFElement><URDFElement z:Id="i53" i:type="Calibration"><Attributes><Attribute z:Id="i54"><AttributeType>rising</AttributeType><IsRequired>false</IsRequired><Value i:nil="true"/></Attribute><Attribute z:Id="i55"><AttributeType>falling</AttributeType><IsRequired>false</IsRequired><Value i:nil="true"/></Attribute></Attributes><ChildElements/><ElementName>calibration</ElementName><required>false</required><FallingAttribute z:Ref="i55"/><RisingAttribute z:Ref="i54"/></URDFElement><URDFElement z:Id="i56" i:type="Dynamics"><Attributes><Attribute z:Id="i57"><AttributeType>damping</AttributeType><IsRequired>false</IsRequired><Value i:nil="true"/></Attribute><Attribute z:Id="i58"><AttributeType>friction</AttributeType><IsRequired>false</IsRequired><Value i:nil="true"/></Attribute></Attributes><ChildElements/><ElementName>dynamics</ElementName><required>false</required><DampingAttribute z:Ref="i57"/><FrictionAttribute z:Ref="i58"/></URDFElement><URDFElement z:Id="i59" i:type="SafetyController"><Attributes><Attribute z:Id="i60"><AttributeType>soft_upper</AttributeType><IsRequired>false</IsRequired><Value i:nil="true"/></Attribute><Attribute z:Id="i61"><AttributeType>soft_lower</AttributeType><IsRequired>false</IsRequired><Value i:nil="true"/></Attribute><Attribute z:Id="i62"><AttributeType>k_position</AttributeType><IsRequired>false</IsRequired><Value i:nil="true"/></Attribute><Attribute z:Id="i63"><AttributeType>k_velocity</AttributeType><IsRequired>true</IsRequired><Value i:nil="true"/></Attribute></Attributes><ChildElements/><ElementName>safety_controller</ElementName><required>false</required><KPositionAttribute z:Ref="i62"/><KVelocityAttribute z:Ref="i63"/><SoftLowerAttribute z:Ref="i61"/><SoftUpperAttribute z:Ref="i60"/></URDFElement><URDFElement z:Id="i64" i:type="Mimic"><Attributes><Attribute z:Id="i65"><AttributeType>joint</AttributeType><IsRequired>true</IsRequired><Value i:nil="true"/></Attribute><Attribute z:Id="i66"><AttributeType>multiplier</AttributeType><IsRequired>false</IsRequired><Value i:nil="true"/></Attribute><Attribute z:Id="i67"><AttributeType>offset</AttributeType><IsRequired>false</IsRequired><Value i:nil="true"/></Attribute></Attributes><ChildElements/><ElementName>mimic</ElementName><required>false</required><JointNameAttribute z:Ref="i65"/><MultiplierAttribute z:Ref="i66"/><OffsetAttribute z:Ref="i67"/></URDFElement></ChildElements><ElementName>joint</ElementName><required>false</required><Axis z:Ref="i46"/><AxisName/><Calibration z:Ref="i53"/><Child z:Ref="i44"/><CoordinateSystemName>Coordinate System3</CoordinateSystemName><Dynamics z:Ref="i56"/><Limit z:Ref="i48"/><Mimic z:Ref="i64"/><NameAttribute z:Ref="i37"/><Origin z:Ref="i39"/><Parent z:Ref="i42"/><Safety z:Ref="i59"/><TypeAttribute z:Ref="i38"/></URDFElement></ChildElements><ElementName>link</ElementName><required>true</required><Children/><Collision z:Ref="i29"/><Inertial z:Ref="i3"/><Joint z:Ref="i36"/><NameAttribute z:Ref="i2"/><Parent i:nil="true"/><STLQualityFine>false</STLQualityFine><SWComponentPIDs xmlns:a="http://schemas.microsoft.com/2003/10/Serialization/Arrays"><a:base64Binary>yDIAAAUAAAD//v8JbQBhAHAALQAxAEAAbQBhAHAABAAAABAAAAABAAAAAQAAABgAAAA=</a:base64Binary></SWComponentPIDs><SWMainComponentPID i:nil="true"/><Visual z:Ref="i16"/><isFixedFrame>false</isFixedFrame><isIncomplete>false</isIncomplete></Link>
2024-11-22 08:32:51,272 INFO  AssemblyExportForm.cs: 309 - Saving URDF package to C:\Users\GioPC\OneDrive\Desktop\map1
2024-11-22 08:32:51,273 INFO  ExportHelper.cs: 147 - Beginning the export process
2024-11-22 08:32:51,276 INFO  ExportHelper.cs: 153 - Creating package directories with name map1 and save path C:\Users\GioPC\OneDrive\Desktop
2024-11-22 08:32:52,645 INFO  ExportHelper.cs: 162 - Creating CMakeLists.txt at C:\Users\GioPC\OneDrive\Desktop\map1\CMakeLists.txt
2024-11-22 08:32:52,646 INFO  ExportHelper.cs: 166 - Creating joint names config at C:\Users\GioPC\OneDrive\Desktop\map1\config\joint_names_map1.yaml
2024-11-22 08:32:52,648 INFO  ExportHelper.cs: 170 - Creating package.xml at C:\Users\GioPC\OneDrive\Desktop\map1\package.xml
2024-11-22 08:32:52,649 INFO  PackageXMLWriter.cs: 21 - Creating package.xml at C:\Users\GioPC\OneDrive\Desktop\map1\package.xml
2024-11-22 08:32:52,651 INFO  ExportHelper.cs: 177 - Creating RVIZ launch file in C:\Users\GioPC\OneDrive\Desktop\map1\launch\
2024-11-22 08:32:52,654 INFO  ExportHelper.cs: 182 - Creating Gazebo launch file in C:\Users\GioPC\OneDrive\Desktop\map1\launch\
2024-11-22 08:32:52,667 INFO  ExportHelper.cs: 187 - Saving existing STL preferences
2024-11-22 08:32:52,668 INFO  ExportHelper.cs: 450 - Saving users preferences
2024-11-22 08:32:52,669 INFO  ExportHelper.cs: 190 - Modifying STL preferences
2024-11-22 08:32:52,670 INFO  ExportHelper.cs: 464 - Setting STL preferences
2024-11-22 08:32:52,671 INFO  ExportHelper.cs: 196 - Found 0 hidden components 
2024-11-22 08:32:52,672 INFO  ExportHelper.cs: 197 - Hiding all components
2024-11-22 08:32:52,725 INFO  ExportHelper.cs: 204 - Beginning individual files export
2024-11-22 08:32:52,731 INFO  ExportHelper.cs: 270 - Exporting link: map
2024-11-22 08:32:52,732 INFO  ExportHelper.cs: 272 - Link map has 0 children
2024-11-22 08:32:52,733 INFO  ExportHelper.cs: 317 - map: Exporting STL with coordinate frame Coordinate System3
2024-11-22 08:32:52,735 INFO  ExportHelper.cs: 322 - map: Reference geometry name 
2024-11-22 08:32:52,820 INFO  ExportHelper.cs: 330 - Saving STL to C:\Users\GioPC\OneDrive\Desktop\map1\meshes\map.STL
2024-11-22 08:32:53,020 INFO  ExportHelper.cs: 405 - Removing SW header in STL file
2024-11-22 08:32:53,021 INFO  ExportHelper.cs: 145 - Showing all components except previously hidden components
2024-11-22 08:32:53,091 INFO  ExportHelper.cs: 145 - Resetting STL preferences
2024-11-22 08:32:53,092 INFO  ExportHelper.cs: 478 - Returning STL preferences to user preferences
2024-11-22 08:32:53,093 INFO  ExportHelper.cs: 228 - Writing URDF file to C:\Users\GioPC\OneDrive\Desktop\map1\urdf\map1.urdf
2024-11-22 08:32:53,095 INFO  CSVImportExport.cs: 32 - Writing CSV file C:\Users\GioPC\OneDrive\Desktop\map1\urdf\map1.csv
2024-11-22 08:32:53,101 ERROR CSVImportExport.cs: 130 - The following columns were not written to the CSV: Link.Joint.ChildLink.link,
2024-11-22 08:32:53,103 INFO  ExportHelper.cs: 234 - Copying log file
2024-11-22 08:32:53,104 INFO  ExportHelper.cs: 439 - Copying C:\Users\GioPC\sw2urdf_logs\sw2urdf.log to C:\Users\GioPC\OneDrive\Desktop\map1\export.log
2024-11-22 08:32:53,106 INFO  ExportHelper.cs: 237 - Resetting STL preferences
2024-11-22 08:32:53,108 INFO  ExportHelper.cs: 478 - Returning STL preferences to user preferences
2024-11-22 08:45:21,950 INFO  SwAddin.cs: 294 - Assembly export called for file map.SLDASM
2024-11-22 08:45:21,951 INFO  SwAddin.cs: 299 - Save is required
2024-11-22 08:45:21,951 INFO  SwAddin.cs: 313 - Saving assembly
2024-11-22 08:45:22,290 INFO  SwAddin.cs: 316 - Opening property manager
2024-11-22 08:45:22,292 INFO  ExportHelperExtension.cs: 1125 - Retrieving features of type [CoordSys] from map.SLDASM
2024-11-22 08:45:22,294 INFO  ExportHelperExtension.cs: 1136 - Found 26 in map.SLDASM
2024-11-22 08:45:22,295 INFO  ExportHelperExtension.cs: 1145 - Found 1 features of type [CoordSys] in map.SLDASM
2024-11-22 08:45:22,295 INFO  ExportHelperExtension.cs: 1148 - Proceeding through assembly components
2024-11-22 08:45:22,296 INFO  ExportHelperExtension.cs: 1160 - 1 components to check
2024-11-22 08:45:22,297 INFO  ExportHelperExtension.cs: 1125 - Retrieving features of type [CoordSys] from map-1
2024-11-22 08:45:22,298 INFO  ExportHelperExtension.cs: 1136 - Found 31 in map-1
2024-11-22 08:45:22,299 INFO  ExportHelperExtension.cs: 1145 - Found 0 features of type [CoordSys] in map-1
2024-11-22 08:45:22,301 INFO  ExportHelperExtension.cs: 1125 - Retrieving features of type [RefAxis] from map.SLDASM
2024-11-22 08:45:22,302 INFO  ExportHelperExtension.cs: 1136 - Found 26 in map.SLDASM
2024-11-22 08:45:22,303 INFO  ExportHelperExtension.cs: 1145 - Found 0 features of type [RefAxis] in map.SLDASM
2024-11-22 08:45:22,305 INFO  ExportHelperExtension.cs: 1148 - Proceeding through assembly components
2024-11-22 08:45:22,306 INFO  ExportHelperExtension.cs: 1160 - 1 components to check
2024-11-22 08:45:22,307 INFO  ExportHelperExtension.cs: 1125 - Retrieving features of type [RefAxis] from map-1
2024-11-22 08:45:22,308 INFO  ExportHelperExtension.cs: 1136 - Found 31 in map-1
2024-11-22 08:45:22,313 INFO  ExportHelperExtension.cs: 1145 - Found 0 features of type [RefAxis] in map-1
2024-11-22 08:45:22,491 INFO  SwAddin.cs: 339 - Loading config tree
2024-11-22 08:45:22,493 INFO  ConfigurationSerialization.cs: 276 - URDF Configuration found
<Link z:Id="i1" xmlns="http://schemas.datacontract.org/2004/07/SW2URDF" xmlns:i="http://www.w3.org/2001/XMLSchema-instance" xmlns:z="http://schemas.microsoft.com/2003/10/Serialization/"><Attributes><Attribute z:Id="i2"><AttributeType>name</AttributeType><IsRequired>true</IsRequired><Value i:type="a:string" xmlns:a="http://www.w3.org/2001/XMLSchema">map</Value></Attribute></Attributes><ChildElements><URDFElement z:Id="i3" i:type="Inertial"><Attributes/><ChildElements><URDFElement z:Id="i4" i:type="Origin"><Attributes><Attribute z:Id="i5"><AttributeType>xyz</AttributeType><IsRequired>true</IsRequired><Value i:type="a:ArrayOfdouble" xmlns:a="http://schemas.microsoft.com/2003/10/Serialization/Arrays"><a:double>-2.2204460492503131E-16</a:double><a:double>0.14381033426414436</a:double><a:double>-0.095411596488312433</a:double></Value></Attribute><Attribute z:Id="i6"><AttributeType>rpy</AttributeType><IsRequired>true</IsRequired><Value i:type="a:ArrayOfdouble" xmlns:a="http://schemas.microsoft.com/2003/10/Serialization/Arrays"><a:double>0</a:double><a:double>0</a:double><a:double>0</a:double></Value></Attribute></Attributes><ChildElements/><ElementName>origin</ElementName><required>false</required><RPYAttribute z:Ref="i6"/><XYZAttribute z:Ref="i5"/><isCustomized>false</isCustomized></URDFElement><URDFElement z:Id="i7" i:type="Mass"><Attributes><Attribute z:Id="i8"><AttributeType>value</AttributeType><IsRequired>true</IsRequired><Value i:type="a:double" xmlns:a="http://www.w3.org/2001/XMLSchema">14.9082622392718</Value></Attribute></Attributes><ChildElements/><ElementName>mass</ElementName><required>false</required><ValueAttribute z:Ref="i8"/></URDFElement><URDFElement z:Id="i9" i:type="Inertia"><Attributes><Attribute z:Id="i10"><AttributeType>ixx</AttributeType><IsRequired>true</IsRequired><Value i:type="a:double" xmlns:a="http://www.w3.org/2001/XMLSchema">1.343349307051616</Value></Attribute><Attribute z:Id="i11"><AttributeType>ixy</AttributeType><IsRequired>true</IsRequired><Value i:type="a:double" xmlns:a="http://www.w3.org/2001/XMLSchema">3.0151665017476146E-16</Value></Attribute><Attribute z:Id="i12"><AttributeType>ixz</AttributeType><IsRequired>true</IsRequired><Value i:type="a:double" xmlns:a="http://www.w3.org/2001/XMLSchema">3.0480294009417328E-16</Value></Attribute><Attribute z:Id="i13"><AttributeType>iyy</AttributeType><IsRequired>true</IsRequired><Value i:type="a:double" xmlns:a="http://www.w3.org/2001/XMLSchema">0.37965066368484696</Value></Attribute><Attribute z:Id="i14"><AttributeType>iyz</AttributeType><IsRequired>true</IsRequired><Value i:type="a:double" xmlns:a="http://www.w3.org/2001/XMLSchema">-0.14032708545681008</Value></Attribute><Attribute z:Id="i15"><AttributeType>izz</AttributeType><IsRequired>true</IsRequired><Value i:type="a:double" xmlns:a="http://www.w3.org/2001/XMLSchema">1.5848762366697604</Value></Attribute></Attributes><ChildElements/><ElementName>inertia</ElementName><required>false</required><IxxAttribute z:Ref="i10"/><IxyAttribute z:Ref="i11"/><IxzAttribute z:Ref="i12"/><IyyAttribute z:Ref="i13"/><IyzAttribute z:Ref="i14"/><IzzAttribute z:Ref="i15"/></URDFElement></ChildElements><ElementName>inertial</ElementName><required>false</required><Inertia z:Ref="i9"/><Mass z:Ref="i7"/><Origin z:Ref="i4"/></URDFElement><URDFElement z:Id="i16" i:type="Visual"><Attributes/><ChildElements><URDFElement z:Id="i17" i:type="Origin"><Attributes><Attribute z:Id="i18"><AttributeType>xyz</AttributeType><IsRequired>true</IsRequired><Value i:type="a:ArrayOfdouble" xmlns:a="http://schemas.microsoft.com/2003/10/Serialization/Arrays"><a:double>0</a:double><a:double>0</a:double><a:double>0</a:double></Value></Attribute><Attribute z:Id="i19"><AttributeType>rpy</AttributeType><IsRequired>true</IsRequired><Value i:type="a:ArrayOfdouble" xmlns:a="http://schemas.microsoft.com/2003/10/Serialization/Arrays"><a:double>0</a:double><a:double>0</a:double><a:double>0</a:double></Value></Attribute></Attributes><ChildElements/><ElementName>origin</ElementName><required>false</required><RPYAttribute z:Ref="i19"/><XYZAttribute z:Ref="i18"/><isCustomized>false</isCustomized></URDFElement><URDFElement z:Id="i20" i:type="Geometry"><Attributes/><ChildElements><URDFElement z:Id="i21" i:type="Mesh"><Attributes><Attribute z:Id="i22"><AttributeType>filename</AttributeType><IsRequired>true</IsRequired><Value i:nil="true"/></Attribute></Attributes><ChildElements/><ElementName>mesh</ElementName><required>false</required><FilenameAttribute z:Ref="i22"/></URDFElement></ChildElements><ElementName>geometry</ElementName><required>true</required><Mesh z:Ref="i21"/></URDFElement><URDFElement z:Id="i23" i:type="Material"><Attributes><Attribute z:Id="i24"><AttributeType>name</AttributeType><IsRequired>true</IsRequired><Value i:type="a:string" xmlns:a="http://www.w3.org/2001/XMLSchema"/></Attribute></Attributes><ChildElements><URDFElement z:Id="i25" i:type="Color"><Attributes><Attribute z:Id="i26"><AttributeType>rgba</AttributeType><IsRequired>true</IsRequired><Value i:type="a:ArrayOfdouble" xmlns:a="http://schemas.microsoft.com/2003/10/Serialization/Arrays"><a:double>0.792156862745098</a:double><a:double>0.81960784313725488</a:double><a:double>0.93333333333333335</a:double><a:double>1</a:double></Value></Attribute></Attributes><ChildElements/><ElementName>color</ElementName><required>false</required><RGBAAttribute z:Ref="i26"/></URDFElement><URDFElement z:Id="i27" i:type="Texture"><Attributes><Attribute z:Id="i28"><AttributeType>filename</AttributeType><IsRequired>true</IsRequired><Value i:nil="true"/></Attribute></Attributes><ChildElements/><ElementName>texture</ElementName><required>false</required><FilenameAttribute z:Ref="i28"/><wFilename/></URDFElement></ChildElements><ElementName>material</ElementName><required>false</required><Color z:Ref="i25"/><NameAttribute z:Ref="i24"/><Texture z:Ref="i27"/></URDFElement></ChildElements><ElementName>visual</ElementName><required>false</required><Geometry z:Ref="i20"/><Material z:Ref="i23"/><Origin z:Ref="i17"/></URDFElement><URDFElement z:Id="i29" i:type="Collision"><Attributes/><ChildElements><URDFElement z:Id="i30" i:type="Origin"><Attributes><Attribute z:Id="i31"><AttributeType>xyz</AttributeType><IsRequired>true</IsRequired><Value i:type="a:ArrayOfdouble" xmlns:a="http://schemas.microsoft.com/2003/10/Serialization/Arrays"><a:double>0</a:double><a:double>0</a:double><a:double>0</a:double></Value></Attribute><Attribute z:Id="i32"><AttributeType>rpy</AttributeType><IsRequired>true</IsRequired><Value i:type="a:ArrayOfdouble" xmlns:a="http://schemas.microsoft.com/2003/10/Serialization/Arrays"><a:double>0</a:double><a:double>0</a:double><a:double>0</a:double></Value></Attribute></Attributes><ChildElements/><ElementName>origin</ElementName><required>false</required><RPYAttribute z:Ref="i32"/><XYZAttribute z:Ref="i31"/><isCustomized>false</isCustomized></URDFElement><URDFElement z:Id="i33" i:type="Geometry"><Attributes/><ChildElements><URDFElement z:Id="i34" i:type="Mesh"><Attributes><Attribute z:Id="i35"><AttributeType>filename</AttributeType><IsRequired>true</IsRequired><Value i:nil="true"/></Attribute></Attributes><ChildElements/><ElementName>mesh</ElementName><required>false</required><FilenameAttribute z:Ref="i35"/></URDFElement></ChildElements><ElementName>geometry</ElementName><required>true</required><Mesh z:Ref="i34"/></URDFElement></ChildElements><ElementName>collision</ElementName><required>false</required><Geometry z:Ref="i33"/><Origin z:Ref="i30"/></URDFElement><URDFElement z:Id="i36" i:type="Joint"><Attributes><Attribute z:Id="i37"><AttributeType>name</AttributeType><IsRequired>true</IsRequired><Value i:type="a:string" xmlns:a="http://www.w3.org/2001/XMLSchema"/></Attribute><Attribute z:Id="i38"><AttributeType>type</AttributeType><IsRequired>true</IsRequired><Value i:type="a:string" xmlns:a="http://www.w3.org/2001/XMLSchema"/></Attribute></Attributes><ChildElements><URDFElement z:Id="i39" i:type="Origin"><Attributes><Attribute z:Id="i40"><AttributeType>xyz</AttributeType><IsRequired>true</IsRequired><Value i:type="a:ArrayOfdouble" xmlns:a="http://schemas.microsoft.com/2003/10/Serialization/Arrays"><a:double>0</a:double><a:double>0</a:double><a:double>0</a:double></Value></Attribute><Attribute z:Id="i41"><AttributeType>rpy</AttributeType><IsRequired>true</IsRequired><Value i:type="a:ArrayOfdouble" xmlns:a="http://schemas.microsoft.com/2003/10/Serialization/Arrays"><a:double>0</a:double><a:double>0</a:double><a:double>0</a:double></Value></Attribute></Attributes><ChildElements/><ElementName>origin</ElementName><required>false</required><RPYAttribute z:Ref="i41"/><XYZAttribute z:Ref="i40"/><isCustomized>false</isCustomized></URDFElement><URDFElement z:Id="i42" i:type="ParentLink"><Attributes><Attribute z:Id="i43"><AttributeType>link</AttributeType><IsRequired>true</IsRequired><Value i:type="a:string" xmlns:a="http://www.w3.org/2001/XMLSchema"/></Attribute></Attributes><ChildElements/><ElementName>parent</ElementName><required>true</required><NameAttribute z:Ref="i43"/></URDFElement><URDFElement z:Id="i44" i:type="ChildLink"><Attributes><Attribute z:Id="i45"><AttributeType>link</AttributeType><IsRequired>true</IsRequired><Value i:type="a:string" xmlns:a="http://www.w3.org/2001/XMLSchema"/></Attribute></Attributes><ChildElements/><ElementName>child</ElementName><required>true</required><NameAttribute z:Ref="i45"/></URDFElement><URDFElement z:Id="i46" i:type="Axis"><Attributes><Attribute z:Id="i47"><AttributeType>xyz</AttributeType><IsRequired>true</IsRequired><Value i:type="a:ArrayOfdouble" xmlns:a="http://schemas.microsoft.com/2003/10/Serialization/Arrays"><a:double>0</a:double><a:double>0</a:double><a:double>0</a:double></Value></Attribute></Attributes><ChildElements/><ElementName>axis</ElementName><required>false</required><XYZAttribute z:Ref="i47"/></URDFElement><URDFElement z:Id="i48" i:type="Limit"><Attributes><Attribute z:Id="i49"><AttributeType>lower</AttributeType><IsRequired>false</IsRequired><Value i:nil="true"/></Attribute><Attribute z:Id="i50"><AttributeType>upper</AttributeType><IsRequired>false</IsRequired><Value i:nil="true"/></Attribute><Attribute z:Id="i51"><AttributeType>effort</AttributeType><IsRequired>true</IsRequired><Value i:nil="true"/></Attribute><Attribute z:Id="i52"><AttributeType>velocity</AttributeType><IsRequired>true</IsRequired><Value i:nil="true"/></Attribute></Attributes><ChildElements/><ElementName>limit</ElementName><required>false</required><EffortAttribute z:Ref="i51"/><LowerAttribute z:Ref="i49"/><UpperAttribute z:Ref="i50"/><VelocityAttribute z:Ref="i52"/></URDFElement><URDFElement z:Id="i53" i:type="Calibration"><Attributes><Attribute z:Id="i54"><AttributeType>rising</AttributeType><IsRequired>false</IsRequired><Value i:nil="true"/></Attribute><Attribute z:Id="i55"><AttributeType>falling</AttributeType><IsRequired>false</IsRequired><Value i:nil="true"/></Attribute></Attributes><ChildElements/><ElementName>calibration</ElementName><required>false</required><FallingAttribute z:Ref="i55"/><RisingAttribute z:Ref="i54"/></URDFElement><URDFElement z:Id="i56" i:type="Dynamics"><Attributes><Attribute z:Id="i57"><AttributeType>damping</AttributeType><IsRequired>false</IsRequired><Value i:nil="true"/></Attribute><Attribute z:Id="i58"><AttributeType>friction</AttributeType><IsRequired>false</IsRequired><Value i:nil="true"/></Attribute></Attributes><ChildElements/><ElementName>dynamics</ElementName><required>false</required><DampingAttribute z:Ref="i57"/><FrictionAttribute z:Ref="i58"/></URDFElement><URDFElement z:Id="i59" i:type="SafetyController"><Attributes><Attribute z:Id="i60"><AttributeType>soft_upper</AttributeType><IsRequired>false</IsRequired><Value i:nil="true"/></Attribute><Attribute z:Id="i61"><AttributeType>soft_lower</AttributeType><IsRequired>false</IsRequired><Value i:nil="true"/></Attribute><Attribute z:Id="i62"><AttributeType>k_position</AttributeType><IsRequired>false</IsRequired><Value i:nil="true"/></Attribute><Attribute z:Id="i63"><AttributeType>k_velocity</AttributeType><IsRequired>true</IsRequired><Value i:nil="true"/></Attribute></Attributes><ChildElements/><ElementName>safety_controller</ElementName><required>false</required><KPositionAttribute z:Ref="i62"/><KVelocityAttribute z:Ref="i63"/><SoftLowerAttribute z:Ref="i61"/><SoftUpperAttribute z:Ref="i60"/></URDFElement><URDFElement z:Id="i64" i:type="Mimic"><Attributes><Attribute z:Id="i65"><AttributeType>joint</AttributeType><IsRequired>true</IsRequired><Value i:nil="true"/></Attribute><Attribute z:Id="i66"><AttributeType>multiplier</AttributeType><IsRequired>false</IsRequired><Value i:nil="true"/></Attribute><Attribute z:Id="i67"><AttributeType>offset</AttributeType><IsRequired>false</IsRequired><Value i:nil="true"/></Attribute></Attributes><ChildElements/><ElementName>mimic</ElementName><required>false</required><JointNameAttribute z:Ref="i65"/><MultiplierAttribute z:Ref="i66"/><OffsetAttribute z:Ref="i67"/></URDFElement></ChildElements><ElementName>joint</ElementName><required>false</required><Axis z:Ref="i46"/><AxisName/><Calibration z:Ref="i53"/><Child z:Ref="i44"/><CoordinateSystemName>Coordinate System3</CoordinateSystemName><Dynamics z:Ref="i56"/><Limit z:Ref="i48"/><Mimic z:Ref="i64"/><NameAttribute z:Ref="i37"/><Origin z:Ref="i39"/><Parent z:Ref="i42"/><Safety z:Ref="i59"/><TypeAttribute z:Ref="i38"/></URDFElement></ChildElements><ElementName>link</ElementName><required>true</required><Children/><Collision z:Ref="i29"/><Inertial z:Ref="i3"/><Joint z:Ref="i36"/><NameAttribute z:Ref="i2"/><Parent i:nil="true"/><STLQualityFine>false</STLQualityFine><SWComponentPIDs xmlns:a="http://schemas.microsoft.com/2003/10/Serialization/Arrays"><a:base64Binary>yDIAAAUAAAD//v8JbQBhAHAALQAxAEAAbQBhAHAABAAAABAAAAABAAAAAQAAABgAAAA=</a:base64Binary></SWComponentPIDs><SWMainComponentPID i:nil="true"/><Visual z:Ref="i16"/><isFixedFrame>false</isFixedFrame><isIncomplete>false</isIncomplete></Link>
2024-11-22 08:45:22,790 INFO  LinkNode.cs: 35 - Building node map
2024-11-22 08:45:22,793 INFO  CommonSwOperations.cs: 221 - Loading SolidWorks components for map from C:\Users\GioPC\OneDrive\Desktop\map.SLDASM
2024-11-22 08:45:22,795 INFO  CommonSwOperations.cs: 245 - Loading component with PID ?2     ???	m a p - 1 @ m a p                
2024-11-22 08:45:22,799 INFO  CommonSwOperations.cs: 254 - Successfully loaded component C:\Users\GioPC\OneDrive\Desktop\map.SLDPRT
2024-11-22 08:45:22,800 INFO  CommonSwOperations.cs: 230 - Loaded 1 components for link map
2024-11-22 08:45:22,905 INFO  SwAddin.cs: 344 - Showing property manager
2024-11-22 08:45:27,455 INFO  ExportPropertyManager.cs: 416 - Configuration canceled
2024-11-22 08:45:27,541 INFO  ExportPropertyManager.cs: 1142 - AfterClose called. This method no longer throws an Exception. It just silently does nothing. Ok, except for this logging message
2024-11-22 08:48:05,676 INFO  SwAddin.cs: 294 - Assembly export called for file map.SLDASM
2024-11-22 08:48:05,677 INFO  SwAddin.cs: 299 - Save is required
2024-11-22 08:48:05,677 INFO  SwAddin.cs: 313 - Saving assembly
2024-11-22 08:48:05,953 INFO  SwAddin.cs: 316 - Opening property manager
2024-11-22 08:48:05,956 INFO  ExportHelperExtension.cs: 1125 - Retrieving features of type [CoordSys] from map.SLDASM
2024-11-22 08:48:05,957 INFO  ExportHelperExtension.cs: 1136 - Found 26 in map.SLDASM
2024-11-22 08:48:05,958 INFO  ExportHelperExtension.cs: 1145 - Found 2 features of type [CoordSys] in map.SLDASM
2024-11-22 08:48:05,960 INFO  ExportHelperExtension.cs: 1148 - Proceeding through assembly components
2024-11-22 08:48:05,961 INFO  ExportHelperExtension.cs: 1160 - 1 components to check
2024-11-22 08:48:05,962 INFO  ExportHelperExtension.cs: 1125 - Retrieving features of type [CoordSys] from map-1
2024-11-22 08:48:05,963 INFO  ExportHelperExtension.cs: 1136 - Found 31 in map-1
2024-11-22 08:48:05,964 INFO  ExportHelperExtension.cs: 1145 - Found 0 features of type [CoordSys] in map-1
2024-11-22 08:48:05,967 INFO  ExportHelperExtension.cs: 1125 - Retrieving features of type [RefAxis] from map.SLDASM
2024-11-22 08:48:05,968 INFO  ExportHelperExtension.cs: 1136 - Found 26 in map.SLDASM
2024-11-22 08:48:05,970 INFO  ExportHelperExtension.cs: 1145 - Found 0 features of type [RefAxis] in map.SLDASM
2024-11-22 08:48:05,971 INFO  ExportHelperExtension.cs: 1148 - Proceeding through assembly components
2024-11-22 08:48:05,973 INFO  ExportHelperExtension.cs: 1160 - 1 components to check
2024-11-22 08:48:05,974 INFO  ExportHelperExtension.cs: 1125 - Retrieving features of type [RefAxis] from map-1
2024-11-22 08:48:05,975 INFO  ExportHelperExtension.cs: 1136 - Found 31 in map-1
2024-11-22 08:48:05,976 INFO  ExportHelperExtension.cs: 1145 - Found 0 features of type [RefAxis] in map-1
2024-11-22 08:48:06,155 INFO  SwAddin.cs: 339 - Loading config tree
2024-11-22 08:48:06,156 INFO  ExportPropertyManagerExtension.cs: 520 - Starting new configuration
2024-11-22 08:48:06,161 INFO  SwAddin.cs: 344 - Showing property manager
2024-11-22 08:48:21,167 INFO  ExportPropertyManager.cs: 1018 - OnComboboxSelectionChanged called. This method no longer throws an Exception. It just silently does nothing. Ok, except for this logging message
2024-11-22 08:48:22,944 INFO  ExportPropertyManager.cs: 422 - Configuration saved
2024-11-22 08:48:23,254 INFO  ExportHelperExtension.cs: 1125 - Retrieving features of type [CoordSys] from map.SLDASM
2024-11-22 08:48:23,255 INFO  ExportHelperExtension.cs: 1136 - Found 27 in map.SLDASM
2024-11-22 08:48:23,256 INFO  ExportHelperExtension.cs: 1145 - Found 2 features of type [CoordSys] in map.SLDASM
2024-11-22 08:48:23,256 INFO  ExportHelperExtension.cs: 1148 - Proceeding through assembly components
2024-11-22 08:48:23,259 INFO  ExportHelperExtension.cs: 1160 - 1 components to check
2024-11-22 08:48:23,259 INFO  ExportHelperExtension.cs: 1125 - Retrieving features of type [CoordSys] from map-1
2024-11-22 08:48:23,260 INFO  ExportHelperExtension.cs: 1136 - Found 31 in map-1
2024-11-22 08:48:23,261 INFO  ExportHelperExtension.cs: 1145 - Found 0 features of type [CoordSys] in map-1
2024-11-22 08:48:23,261 INFO  ExportHelperExtension.cs: 1125 - Retrieving features of type [RefAxis] from map.SLDASM
2024-11-22 08:48:23,262 INFO  ExportHelperExtension.cs: 1136 - Found 27 in map.SLDASM
2024-11-22 08:48:23,263 INFO  ExportHelperExtension.cs: 1145 - Found 0 features of type [RefAxis] in map.SLDASM
2024-11-22 08:48:23,263 INFO  ExportHelperExtension.cs: 1148 - Proceeding through assembly components
2024-11-22 08:48:23,264 INFO  ExportHelperExtension.cs: 1160 - 1 components to check
2024-11-22 08:48:23,264 INFO  ExportHelperExtension.cs: 1125 - Retrieving features of type [RefAxis] from map-1
2024-11-22 08:48:23,265 INFO  ExportHelperExtension.cs: 1136 - Found 31 in map-1
2024-11-22 08:48:23,265 INFO  ExportHelperExtension.cs: 1145 - Found 0 features of type [RefAxis] in map-1
2024-11-22 08:48:23,425 INFO  ExportPropertyManager.cs: 1142 - AfterClose called. This method no longer throws an Exception. It just silently does nothing. Ok, except for this logging message
2024-11-22 08:48:32,624 INFO  AssemblyExportForm.cs: 253 - Completing URDF export
2024-11-22 08:48:32,627 INFO  ConfigurationSerialization.cs: 276 - URDF Configuration found
<Link z:Id="i1" xmlns="http://schemas.datacontract.org/2004/07/SW2URDF" xmlns:i="http://www.w3.org/2001/XMLSchema-instance" xmlns:z="http://schemas.microsoft.com/2003/10/Serialization/"><Attributes><Attribute z:Id="i2"><AttributeType>name</AttributeType><IsRequired>true</IsRequired><Value i:type="a:string" xmlns:a="http://www.w3.org/2001/XMLSchema">map</Value></Attribute></Attributes><ChildElements><URDFElement z:Id="i3" i:type="Inertial"><Attributes/><ChildElements><URDFElement z:Id="i4" i:type="Origin"><Attributes><Attribute z:Id="i5"><AttributeType>xyz</AttributeType><IsRequired>true</IsRequired><Value i:type="a:ArrayOfdouble" xmlns:a="http://schemas.microsoft.com/2003/10/Serialization/Arrays"><a:double>0</a:double><a:double>0</a:double><a:double>0</a:double></Value></Attribute><Attribute z:Id="i6"><AttributeType>rpy</AttributeType><IsRequired>true</IsRequired><Value i:type="a:ArrayOfdouble" xmlns:a="http://schemas.microsoft.com/2003/10/Serialization/Arrays"><a:double>0</a:double><a:double>0</a:double><a:double>0</a:double></Value></Attribute></Attributes><ChildElements/><ElementName>origin</ElementName><required>false</required><RPYAttribute z:Ref="i6"/><XYZAttribute z:Ref="i5"/><isCustomized>false</isCustomized></URDFElement><URDFElement z:Id="i7" i:type="Mass"><Attributes><Attribute z:Id="i8"><AttributeType>value</AttributeType><IsRequired>true</IsRequired><Value i:type="a:double" xmlns:a="http://www.w3.org/2001/XMLSchema">0</Value></Attribute></Attributes><ChildElements/><ElementName>mass</ElementName><required>false</required><ValueAttribute z:Ref="i8"/></URDFElement><URDFElement z:Id="i9" i:type="Inertia"><Attributes><Attribute z:Id="i10"><AttributeType>ixx</AttributeType><IsRequired>true</IsRequired><Value i:type="a:double" xmlns:a="http://www.w3.org/2001/XMLSchema">0</Value></Attribute><Attribute z:Id="i11"><AttributeType>ixy</AttributeType><IsRequired>true</IsRequired><Value i:type="a:double" xmlns:a="http://www.w3.org/2001/XMLSchema">0</Value></Attribute><Attribute z:Id="i12"><AttributeType>ixz</AttributeType><IsRequired>true</IsRequired><Value i:type="a:double" xmlns:a="http://www.w3.org/2001/XMLSchema">0</Value></Attribute><Attribute z:Id="i13"><AttributeType>iyy</AttributeType><IsRequired>true</IsRequired><Value i:type="a:double" xmlns:a="http://www.w3.org/2001/XMLSchema">0</Value></Attribute><Attribute z:Id="i14"><AttributeType>iyz</AttributeType><IsRequired>true</IsRequired><Value i:type="a:double" xmlns:a="http://www.w3.org/2001/XMLSchema">0</Value></Attribute><Attribute z:Id="i15"><AttributeType>izz</AttributeType><IsRequired>true</IsRequired><Value i:type="a:double" xmlns:a="http://www.w3.org/2001/XMLSchema">0</Value></Attribute></Attributes><ChildElements/><ElementName>inertia</ElementName><required>false</required><IxxAttribute z:Ref="i10"/><IxyAttribute z:Ref="i11"/><IxzAttribute z:Ref="i12"/><IyyAttribute z:Ref="i13"/><IyzAttribute z:Ref="i14"/><IzzAttribute z:Ref="i15"/></URDFElement></ChildElements><ElementName>inertial</ElementName><required>false</required><Inertia z:Ref="i9"/><Mass z:Ref="i7"/><Origin z:Ref="i4"/></URDFElement><URDFElement z:Id="i16" i:type="Visual"><Attributes/><ChildElements><URDFElement z:Id="i17" i:type="Origin"><Attributes><Attribute z:Id="i18"><AttributeType>xyz</AttributeType><IsRequired>true</IsRequired><Value i:type="a:ArrayOfdouble" xmlns:a="http://schemas.microsoft.com/2003/10/Serialization/Arrays"><a:double>0</a:double><a:double>0</a:double><a:double>0</a:double></Value></Attribute><Attribute z:Id="i19"><AttributeType>rpy</AttributeType><IsRequired>true</IsRequired><Value i:type="a:ArrayOfdouble" xmlns:a="http://schemas.microsoft.com/2003/10/Serialization/Arrays"><a:double>0</a:double><a:double>0</a:double><a:double>0</a:double></Value></Attribute></Attributes><ChildElements/><ElementName>origin</ElementName><required>false</required><RPYAttribute z:Ref="i19"/><XYZAttribute z:Ref="i18"/><isCustomized>false</isCustomized></URDFElement><URDFElement z:Id="i20" i:type="Geometry"><Attributes/><ChildElements><URDFElement z:Id="i21" i:type="Mesh"><Attributes><Attribute z:Id="i22"><AttributeType>filename</AttributeType><IsRequired>true</IsRequired><Value i:nil="true"/></Attribute></Attributes><ChildElements/><ElementName>mesh</ElementName><required>false</required><FilenameAttribute z:Ref="i22"/></URDFElement></ChildElements><ElementName>geometry</ElementName><required>true</required><Mesh z:Ref="i21"/></URDFElement><URDFElement z:Id="i23" i:type="Material"><Attributes><Attribute z:Id="i24"><AttributeType>name</AttributeType><IsRequired>true</IsRequired><Value i:type="a:string" xmlns:a="http://www.w3.org/2001/XMLSchema"/></Attribute></Attributes><ChildElements><URDFElement z:Id="i25" i:type="Color"><Attributes><Attribute z:Id="i26"><AttributeType>rgba</AttributeType><IsRequired>true</IsRequired><Value i:type="a:ArrayOfdouble" xmlns:a="http://schemas.microsoft.com/2003/10/Serialization/Arrays"><a:double>1</a:double><a:double>1</a:double><a:double>1</a:double><a:double>1</a:double></Value></Attribute></Attributes><ChildElements/><ElementName>color</ElementName><required>false</required><RGBAAttribute z:Ref="i26"/></URDFElement><URDFElement z:Id="i27" i:type="Texture"><Attributes><Attribute z:Id="i28"><AttributeType>filename</AttributeType><IsRequired>true</IsRequired><Value i:nil="true"/></Attribute></Attributes><ChildElements/><ElementName>texture</ElementName><required>false</required><FilenameAttribute z:Ref="i28"/><wFilename/></URDFElement></ChildElements><ElementName>material</ElementName><required>false</required><Color z:Ref="i25"/><NameAttribute z:Ref="i24"/><Texture z:Ref="i27"/></URDFElement></ChildElements><ElementName>visual</ElementName><required>false</required><Geometry z:Ref="i20"/><Material z:Ref="i23"/><Origin z:Ref="i17"/></URDFElement><URDFElement z:Id="i29" i:type="Collision"><Attributes/><ChildElements><URDFElement z:Id="i30" i:type="Origin"><Attributes><Attribute z:Id="i31"><AttributeType>xyz</AttributeType><IsRequired>true</IsRequired><Value i:type="a:ArrayOfdouble" xmlns:a="http://schemas.microsoft.com/2003/10/Serialization/Arrays"><a:double>0</a:double><a:double>0</a:double><a:double>0</a:double></Value></Attribute><Attribute z:Id="i32"><AttributeType>rpy</AttributeType><IsRequired>true</IsRequired><Value i:type="a:ArrayOfdouble" xmlns:a="http://schemas.microsoft.com/2003/10/Serialization/Arrays"><a:double>0</a:double><a:double>0</a:double><a:double>0</a:double></Value></Attribute></Attributes><ChildElements/><ElementName>origin</ElementName><required>false</required><RPYAttribute z:Ref="i32"/><XYZAttribute z:Ref="i31"/><isCustomized>false</isCustomized></URDFElement><URDFElement z:Id="i33" i:type="Geometry"><Attributes/><ChildElements><URDFElement z:Id="i34" i:type="Mesh"><Attributes><Attribute z:Id="i35"><AttributeType>filename</AttributeType><IsRequired>true</IsRequired><Value i:nil="true"/></Attribute></Attributes><ChildElements/><ElementName>mesh</ElementName><required>false</required><FilenameAttribute z:Ref="i35"/></URDFElement></ChildElements><ElementName>geometry</ElementName><required>true</required><Mesh z:Ref="i34"/></URDFElement></ChildElements><ElementName>collision</ElementName><required>false</required><Geometry z:Ref="i33"/><Origin z:Ref="i30"/></URDFElement><URDFElement z:Id="i36" i:type="Joint"><Attributes><Attribute z:Id="i37"><AttributeType>name</AttributeType><IsRequired>true</IsRequired><Value i:type="a:string" xmlns:a="http://www.w3.org/2001/XMLSchema"/></Attribute><Attribute z:Id="i38"><AttributeType>type</AttributeType><IsRequired>true</IsRequired><Value i:type="a:string" xmlns:a="http://www.w3.org/2001/XMLSchema"/></Attribute></Attributes><ChildElements><URDFElement z:Id="i39" i:type="Origin"><Attributes><Attribute z:Id="i40"><AttributeType>xyz</AttributeType><IsRequired>true</IsRequired><Value i:type="a:ArrayOfdouble" xmlns:a="http://schemas.microsoft.com/2003/10/Serialization/Arrays"><a:double>0</a:double><a:double>0</a:double><a:double>0</a:double></Value></Attribute><Attribute z:Id="i41"><AttributeType>rpy</AttributeType><IsRequired>true</IsRequired><Value i:type="a:ArrayOfdouble" xmlns:a="http://schemas.microsoft.com/2003/10/Serialization/Arrays"><a:double>0</a:double><a:double>0</a:double><a:double>0</a:double></Value></Attribute></Attributes><ChildElements/><ElementName>origin</ElementName><required>false</required><RPYAttribute z:Ref="i41"/><XYZAttribute z:Ref="i40"/><isCustomized>false</isCustomized></URDFElement><URDFElement z:Id="i42" i:type="ParentLink"><Attributes><Attribute z:Id="i43"><AttributeType>link</AttributeType><IsRequired>true</IsRequired><Value i:type="a:string" xmlns:a="http://www.w3.org/2001/XMLSchema"/></Attribute></Attributes><ChildElements/><ElementName>parent</ElementName><required>true</required><NameAttribute z:Ref="i43"/></URDFElement><URDFElement z:Id="i44" i:type="ChildLink"><Attributes><Attribute z:Id="i45"><AttributeType>link</AttributeType><IsRequired>true</IsRequired><Value i:type="a:string" xmlns:a="http://www.w3.org/2001/XMLSchema"/></Attribute></Attributes><ChildElements/><ElementName>child</ElementName><required>true</required><NameAttribute z:Ref="i45"/></URDFElement><URDFElement z:Id="i46" i:type="Axis"><Attributes><Attribute z:Id="i47"><AttributeType>xyz</AttributeType><IsRequired>true</IsRequired><Value i:type="a:ArrayOfdouble" xmlns:a="http://schemas.microsoft.com/2003/10/Serialization/Arrays"><a:double>0</a:double><a:double>0</a:double><a:double>0</a:double></Value></Attribute></Attributes><ChildElements/><ElementName>axis</ElementName><required>false</required><XYZAttribute z:Ref="i47"/></URDFElement><URDFElement z:Id="i48" i:type="Limit"><Attributes><Attribute z:Id="i49"><AttributeType>lower</AttributeType><IsRequired>false</IsRequired><Value i:nil="true"/></Attribute><Attribute z:Id="i50"><AttributeType>upper</AttributeType><IsRequired>false</IsRequired><Value i:nil="true"/></Attribute><Attribute z:Id="i51"><AttributeType>effort</AttributeType><IsRequired>true</IsRequired><Value i:nil="true"/></Attribute><Attribute z:Id="i52"><AttributeType>velocity</AttributeType><IsRequired>true</IsRequired><Value i:nil="true"/></Attribute></Attributes><ChildElements/><ElementName>limit</ElementName><required>false</required><EffortAttribute z:Ref="i51"/><LowerAttribute z:Ref="i49"/><UpperAttribute z:Ref="i50"/><VelocityAttribute z:Ref="i52"/></URDFElement><URDFElement z:Id="i53" i:type="Calibration"><Attributes><Attribute z:Id="i54"><AttributeType>rising</AttributeType><IsRequired>false</IsRequired><Value i:nil="true"/></Attribute><Attribute z:Id="i55"><AttributeType>falling</AttributeType><IsRequired>false</IsRequired><Value i:nil="true"/></Attribute></Attributes><ChildElements/><ElementName>calibration</ElementName><required>false</required><FallingAttribute z:Ref="i55"/><RisingAttribute z:Ref="i54"/></URDFElement><URDFElement z:Id="i56" i:type="Dynamics"><Attributes><Attribute z:Id="i57"><AttributeType>damping</AttributeType><IsRequired>false</IsRequired><Value i:nil="true"/></Attribute><Attribute z:Id="i58"><AttributeType>friction</AttributeType><IsRequired>false</IsRequired><Value i:nil="true"/></Attribute></Attributes><ChildElements/><ElementName>dynamics</ElementName><required>false</required><DampingAttribute z:Ref="i57"/><FrictionAttribute z:Ref="i58"/></URDFElement><URDFElement z:Id="i59" i:type="SafetyController"><Attributes><Attribute z:Id="i60"><AttributeType>soft_upper</AttributeType><IsRequired>false</IsRequired><Value i:nil="true"/></Attribute><Attribute z:Id="i61"><AttributeType>soft_lower</AttributeType><IsRequired>false</IsRequired><Value i:nil="true"/></Attribute><Attribute z:Id="i62"><AttributeType>k_position</AttributeType><IsRequired>false</IsRequired><Value i:nil="true"/></Attribute><Attribute z:Id="i63"><AttributeType>k_velocity</AttributeType><IsRequired>true</IsRequired><Value i:nil="true"/></Attribute></Attributes><ChildElements/><ElementName>safety_controller</ElementName><required>false</required><KPositionAttribute z:Ref="i62"/><KVelocityAttribute z:Ref="i63"/><SoftLowerAttribute z:Ref="i61"/><SoftUpperAttribute z:Ref="i60"/></URDFElement><URDFElement z:Id="i64" i:type="Mimic"><Attributes><Attribute z:Id="i65"><AttributeType>joint</AttributeType><IsRequired>true</IsRequired><Value i:nil="true"/></Attribute><Attribute z:Id="i66"><AttributeType>multiplier</AttributeType><IsRequired>false</IsRequired><Value i:nil="true"/></Attribute><Attribute z:Id="i67"><AttributeType>offset</AttributeType><IsRequired>false</IsRequired><Value i:nil="true"/></Attribute></Attributes><ChildElements/><ElementName>mimic</ElementName><required>false</required><JointNameAttribute z:Ref="i65"/><MultiplierAttribute z:Ref="i66"/><OffsetAttribute z:Ref="i67"/></URDFElement></ChildElements><ElementName>joint</ElementName><required>false</required><Axis z:Ref="i46"/><AxisName/><Calibration z:Ref="i53"/><Child z:Ref="i44"/><CoordinateSystemName>Coordinate System4</CoordinateSystemName><Dynamics z:Ref="i56"/><Limit z:Ref="i48"/><Mimic z:Ref="i64"/><NameAttribute z:Ref="i37"/><Origin z:Ref="i39"/><Parent z:Ref="i42"/><Safety z:Ref="i59"/><TypeAttribute z:Ref="i38"/></URDFElement></ChildElements><ElementName>link</ElementName><required>true</required><Children/><Collision z:Ref="i29"/><Inertial z:Ref="i3"/><Joint z:Ref="i36"/><NameAttribute z:Ref="i2"/><Parent i:nil="true"/><STLQualityFine>false</STLQualityFine><SWComponentPIDs xmlns:a="http://schemas.microsoft.com/2003/10/Serialization/Arrays"><a:base64Binary>yDIAAAUAAAD//v8JbQBhAHAALQAxAEAAbQBhAHAABAAAABAAAAABAAAAAQAAABgAAAA=</a:base64Binary></SWComponentPIDs><SWMainComponentPID i:nil="true"/><Visual z:Ref="i16"/><isFixedFrame>false</isFixedFrame><isIncomplete>false</isIncomplete></Link>
2024-11-22 08:48:44,622 INFO  AssemblyExportForm.cs: 309 - Saving URDF package to C:\Users\GioPC\OneDrive\Desktop\map
2024-11-22 08:48:44,623 INFO  ExportHelper.cs: 147 - Beginning the export process
2024-11-22 08:48:44,630 INFO  ExportHelper.cs: 153 - Creating package directories with name map and save path C:\Users\GioPC\OneDrive\Desktop
2024-11-22 08:48:49,340 INFO  ExportHelper.cs: 162 - Creating CMakeLists.txt at C:\Users\GioPC\OneDrive\Desktop\map\CMakeLists.txt
2024-11-22 08:48:49,342 INFO  ExportHelper.cs: 166 - Creating joint names config at C:\Users\GioPC\OneDrive\Desktop\map\config\joint_names_map.yaml
2024-11-22 08:48:49,343 INFO  ExportHelper.cs: 170 - Creating package.xml at C:\Users\GioPC\OneDrive\Desktop\map\package.xml
2024-11-22 08:48:49,345 INFO  PackageXMLWriter.cs: 21 - Creating package.xml at C:\Users\GioPC\OneDrive\Desktop\map\package.xml
2024-11-22 08:48:49,346 INFO  ExportHelper.cs: 177 - Creating RVIZ launch file in C:\Users\GioPC\OneDrive\Desktop\map\launch\
2024-11-22 08:48:49,348 INFO  ExportHelper.cs: 182 - Creating Gazebo launch file in C:\Users\GioPC\OneDrive\Desktop\map\launch\
2024-11-22 08:48:49,353 INFO  ExportHelper.cs: 187 - Saving existing STL preferences
2024-11-22 08:48:49,354 INFO  ExportHelper.cs: 450 - Saving users preferences
2024-11-22 08:48:49,355 INFO  ExportHelper.cs: 190 - Modifying STL preferences
2024-11-22 08:48:49,356 INFO  ExportHelper.cs: 464 - Setting STL preferences
2024-11-22 08:48:49,357 INFO  ExportHelper.cs: 196 - Found 0 hidden components 
2024-11-22 08:48:49,357 INFO  ExportHelper.cs: 197 - Hiding all components
2024-11-22 08:48:49,409 INFO  ExportHelper.cs: 204 - Beginning individual files export
2024-11-22 08:48:49,418 INFO  ExportHelper.cs: 270 - Exporting link: map
2024-11-22 08:48:49,419 INFO  ExportHelper.cs: 272 - Link map has 0 children
2024-11-22 08:48:49,419 INFO  ExportHelper.cs: 317 - map: Exporting STL with coordinate frame Coordinate System4
2024-11-22 08:48:49,420 INFO  ExportHelper.cs: 322 - map: Reference geometry name 
2024-11-22 08:48:49,478 INFO  ExportHelper.cs: 330 - Saving STL to C:\Users\GioPC\OneDrive\Desktop\map\meshes\map.STL
2024-11-22 08:48:49,657 INFO  ExportHelper.cs: 405 - Removing SW header in STL file
2024-11-22 08:48:49,658 INFO  ExportHelper.cs: 145 - Showing all components except previously hidden components
2024-11-22 08:48:49,729 INFO  ExportHelper.cs: 145 - Resetting STL preferences
2024-11-22 08:48:49,730 INFO  ExportHelper.cs: 478 - Returning STL preferences to user preferences
2024-11-22 08:48:49,731 INFO  ExportHelper.cs: 228 - Writing URDF file to C:\Users\GioPC\OneDrive\Desktop\map\urdf\map.urdf
2024-11-22 08:48:49,734 INFO  CSVImportExport.cs: 32 - Writing CSV file C:\Users\GioPC\OneDrive\Desktop\map\urdf\map.csv
2024-11-22 08:48:49,737 ERROR CSVImportExport.cs: 130 - The following columns were not written to the CSV: Link.Joint.ChildLink.link,
2024-11-22 08:48:49,738 INFO  ExportHelper.cs: 234 - Copying log file
2024-11-22 08:48:49,739 INFO  ExportHelper.cs: 439 - Copying C:\Users\GioPC\sw2urdf_logs\sw2urdf.log to C:\Users\GioPC\OneDrive\Desktop\map\export.log
